# JRE version: Java(TM) SE Runtime Environment (8.0_241-b07) (build 1.8.0_241-b07)
# Java VM: Java HotSpot(TM) 64-Bit Server VM (25.241-b07 mixed mode windows-amd64 compressed oops)
Heap:
 PSYoungGen      total 552448K, used 202524K [0x000000076ae00000, 0x00000007ae100000, 0x00000007c0000000)
  eden space 509952K, 39% used [0x000000076ae00000,0x00000007773c7358,0x000000078a000000)
  from space 42496K, 0% used [0x000000078a000000,0x000000078a000000,0x000000078c980000)
  to   space 40448K, 0% used [0x00000007ab980000,0x00000007ab980000,0x00000007ae100000)
 ParOldGen       total 114176K, used 20112K [0x00000006c0a00000, 0x00000006c7980000, 0x000000076ae00000)
  object space 114176K, 17% used [0x00000006c0a00000,0x00000006c1da4280,0x00000006c7980000)
 Metaspace       used 31544K, capacity 31910K, committed 32384K, reserved 1077248K
  class space    used 3833K, capacity 3948K, committed 3968K, reserved 1048576K
GC Heap History (10 events):
Event: 1.184 GC heap before
{Heap before GC invocations=4 (full 0):
 PSYoungGen      total 141824K, used 141813K [0x000000076ae00000, 0x000000077c300000, 0x00000007c0000000)
  eden space 131072K, 100% used [0x000000076ae00000,0x0000000772e00000,0x0000000772e00000)
  from space 10752K, 99% used [0x0000000772e00000,0x000000077387d718,0x0000000773880000)
  to   space 10752K, 0% used [0x000000077b880000,0x000000077b880000,0x000000077c300000)
 ParOldGen       total 175104K, used 13682K [0x00000006c0a00000, 0x00000006cb500000, 0x000000076ae00000)
  object space 175104K, 7% used [0x00000006c0a00000,0x00000006c175cab0,0x00000006cb500000)
 Metaspace       used 8487K, capacity 8584K, committed 8704K, reserved 1056768K
  class space    used 960K, capacity 1008K, committed 1024K, reserved 1048576K
Event: 1.195 GC heap after
Heap after GC invocations=4 (full 0):
 PSYoungGen      total 272896K, used 10742K [0x000000076ae00000, 0x000000077c300000, 0x00000007c0000000)
  eden space 262144K, 0% used [0x000000076ae00000,0x000000076ae00000,0x000000077ae00000)
  from space 10752K, 99% used [0x000000077b880000,0x000000077c2fd9c8,0x000000077c300000)
  to   space 10752K, 0% used [0x000000077ae00000,0x000000077ae00000,0x000000077b880000)
 ParOldGen       total 175104K, used 27124K [0x00000006c0a00000, 0x00000006cb500000, 0x000000076ae00000)
  object space 175104K, 15% used [0x00000006c0a00000,0x00000006c247d010,0x00000006cb500000)
 Metaspace       used 8487K, capacity 8584K, committed 8704K, reserved 1056768K
  class space    used 960K, capacity 1008K, committed 1024K, reserved 1048576K
}
Event: 1.561 GC heap before
{Heap before GC invocations=5 (full 0):
 PSYoungGen      total 272896K, used 272886K [0x000000076ae00000, 0x000000077c300000, 0x00000007c0000000)
  eden space 262144K, 100% used [0x000000076ae00000,0x000000077ae00000,0x000000077ae00000)
  from space 10752K, 99% used [0x000000077b880000,0x000000077c2fd9c8,0x000000077c300000)
  to   space 10752K, 0% used [0x000000077ae00000,0x000000077ae00000,0x000000077b880000)
 ParOldGen       total 175104K, used 27124K [0x00000006c0a00000, 0x00000006cb500000, 0x000000076ae00000)
  object space 175104K, 15% used [0x00000006c0a00000,0x00000006c247d010,0x00000006cb500000)
 Metaspace       used 8493K, capacity 8584K, committed 8704K, reserved 1056768K
  class space    used 960K, capacity 1008K, committed 1024K, reserved 1048576K
Event: 1.573 GC heap after
Heap after GC invocations=5 (full 0):
 PSYoungGen      total 272896K, used 10741K [0x000000076ae00000, 0x000000078e500000, 0x00000007c0000000)
  eden space 262144K, 0% used [0x000000076ae00000,0x000000076ae00000,0x000000077ae00000)
  from space 10752K, 99% used [0x000000077ae00000,0x000000077b87d438,0x000000077b880000)
  to   space 28160K, 0% used [0x000000078c980000,0x000000078c980000,0x000000078e500000)
 ParOldGen       total 175104K, used 36835K [0x00000006c0a00000, 0x00000006cb500000, 0x000000076ae00000)
  object space 175104K, 21% used [0x00000006c0a00000,0x00000006c2df8e00,0x00000006cb500000)
 Metaspace       used 8493K, capacity 8584K, committed 8704K, reserved 1056768K
  class space    used 960K, capacity 1008K, committed 1024K, reserved 1048576K
}
Event: 2.021 GC heap before
{Heap before GC invocations=6 (full 0):
 PSYoungGen      total 272896K, used 272885K [0x000000076ae00000, 0x000000078e500000, 0x00000007c0000000)
  eden space 262144K, 100% used [0x000000076ae00000,0x000000077ae00000,0x000000077ae00000)
  from space 10752K, 99% used [0x000000077ae00000,0x000000077b87d438,0x000000077b880000)
  to   space 28160K, 0% used [0x000000078c980000,0x000000078c980000,0x000000078e500000)
 ParOldGen       total 175104K, used 36835K [0x00000006c0a00000, 0x00000006cb500000, 0x000000076ae00000)
  object space 175104K, 21% used [0x00000006c0a00000,0x00000006c2df8e00,0x00000006cb500000)
 Metaspace       used 8498K, capacity 8584K, committed 8704K, reserved 1056768K
  class space    used 960K, capacity 1008K, committed 1024K, reserved 1048576K
Event: 2.045 GC heap after
Heap after GC invocations=6 (full 0):
 PSYoungGen      total 538112K, used 28159K [0x000000076ae00000, 0x0000000790100000, 0x00000007c0000000)
  eden space 509952K, 0% used [0x000000076ae00000,0x000000076ae00000,0x000000078a000000)
  from space 28160K, 99% used [0x000000078c980000,0x000000078e4ffd18,0x000000078e500000)
  to   space 42496K, 0% used [0x000000078a000000,0x000000078a000000,0x000000078c980000)
 ParOldGen       total 175104K, used 55746K [0x00000006c0a00000, 0x00000006cb500000, 0x000000076ae00000)
  object space 175104K, 31% used [0x00000006c0a00000,0x00000006c40709c0,0x00000006cb500000)
 Metaspace       used 8498K, capacity 8584K, committed 8704K, reserved 1056768K
  class space    used 960K, capacity 1008K, committed 1024K, reserved 1048576K
}
Event: 7.350 GC heap before
{Heap before GC invocations=7 (full 0):
 PSYoungGen      total 538112K, used 354967K [0x000000076ae00000, 0x0000000790100000, 0x00000007c0000000)
  eden space 509952K, 64% used [0x000000076ae00000,0x000000077ed26070,0x000000078a000000)
  from space 28160K, 99% used [0x000000078c980000,0x000000078e4ffd18,0x000000078e500000)
  to   space 42496K, 0% used [0x000000078a000000,0x000000078a000000,0x000000078c980000)
 ParOldGen       total 175104K, used 55746K [0x00000006c0a00000, 0x00000006cb500000, 0x000000076ae00000)
  object space 175104K, 31% used [0x00000006c0a00000,0x00000006c40709c0,0x00000006cb500000)
 Metaspace       used 20826K, capacity 21048K, committed 21296K, reserved 1069056K
  class space    used 2542K, capacity 2640K, committed 2688K, reserved 1048576K
Event: 7.363 GC heap after
Heap after GC invocations=7 (full 0):
 PSYoungGen      total 552448K, used 19593K [0x000000076ae00000, 0x00000007ae100000, 0x00000007c0000000)
  eden space 509952K, 0% used [0x000000076ae00000,0x000000076ae00000,0x000000078a000000)
  from space 42496K, 46% used [0x000000078a000000,0x000000078b3226f0,0x000000078c980000)
  to   space 40448K, 0% used [0x00000007ab980000,0x00000007ab980000,0x00000007ae100000)
 ParOldGen       total 175104K, used 57297K [0x00000006c0a00000, 0x00000006cb500000, 0x000000076ae00000)
  object space 175104K, 32% used [0x00000006c0a00000,0x00000006c41f4760,0x00000006cb500000)
 Metaspace       used 20826K, capacity 21048K, committed 21296K, reserved 1069056K
  class space    used 2542K, capacity 2640K, committed 2688K, reserved 1048576K
}
Event: 7.363 GC heap before
{Heap before GC invocations=8 (full 1):
 PSYoungGen      total 552448K, used 19593K [0x000000076ae00000, 0x00000007ae100000, 0x00000007c0000000)
  eden space 509952K, 0% used [0x000000076ae00000,0x000000076ae00000,0x000000078a000000)
  from space 42496K, 46% used [0x000000078a000000,0x000000078b3226f0,0x000000078c980000)
  to   space 40448K, 0% used [0x00000007ab980000,0x00000007ab980000,0x00000007ae100000)
 ParOldGen       total 175104K, used 57297K [0x00000006c0a00000, 0x00000006cb500000, 0x000000076ae00000)
  object space 175104K, 32% used [0x00000006c0a00000,0x00000006c41f4760,0x00000006cb500000)
 Metaspace       used 20826K, capacity 21048K, committed 21296K, reserved 1069056K
  class space    used 2542K, capacity 2640K, committed 2688K, reserved 1048576K
Event: 7.386 GC heap after
Heap after GC invocations=8 (full 1):
 PSYoungGen      total 552448K, used 0K [0x000000076ae00000, 0x00000007ae100000, 0x00000007c0000000)
  eden space 509952K, 0% used [0x000000076ae00000,0x000000076ae00000,0x000000078a000000)
  from space 42496K, 0% used [0x000000078a000000,0x000000078a000000,0x000000078c980000)
  to   space 40448K, 0% used [0x00000007ab980000,0x00000007ab980000,0x00000007ae100000)
 ParOldGen       total 114176K, used 20112K [0x00000006c0a00000, 0x00000006c7980000, 0x000000076ae00000)
  object space 114176K, 17% used [0x00000006c0a00000,0x00000006c1da4280,0x00000006c7980000)
 Metaspace       used 20826K, capacity 21048K, committed 21296K, reserved 1069056K
  class space    used 2542K, capacity 2640K, committed 2688K, reserved 1048576K
}

