# JRE version: Java(TM) SE Runtime Environment (8.0_241-b07) (build 1.8.0_241-b07)
# Java VM: Java HotSpot(TM) 64-Bit Server VM (25.241-b07 mixed mode windows-amd64 compressed oops)
Heap:
 PSYoungGen      total 552448K, used 205380K [0x000000076ae00000, 0x00000007ae000000, 0x00000007c0000000)
  eden space 509440K, 40% used [0x000000076ae00000,0x0000000777691198,0x0000000789f80000)
  from space 43008K, 0% used [0x0000000789f80000,0x0000000789f80000,0x000000078c980000)
  to   space 40448K, 0% used [0x00000007ab880000,0x00000007ab880000,0x00000007ae000000)
 ParOldGen       total 121856K, used 21421K [0x00000006c0a00000, 0x00000006c8100000, 0x000000076ae00000)
  object space 121856K, 17% used [0x00000006c0a00000,0x00000006c1eeb568,0x00000006c8100000)
 Metaspace       used 32724K, capacity 33022K, committed 33280K, reserved 1079296K
  class space    used 3960K, capacity 4042K, committed 4096K, reserved 1048576K
GC Heap History (10 events):
Event: 1.301 GC heap before
{Heap before GC invocations=4 (full 0):
 PSYoungGen      total 141824K, used 141797K [0x000000076ae00000, 0x000000077c300000, 0x00000007c0000000)
  eden space 131072K, 100% used [0x000000076ae00000,0x0000000772e00000,0x0000000772e00000)
  from space 10752K, 99% used [0x0000000772e00000,0x00000007738796d0,0x0000000773880000)
  to   space 10752K, 0% used [0x000000077b880000,0x000000077b880000,0x000000077c300000)
 ParOldGen       total 175104K, used 13940K [0x00000006c0a00000, 0x00000006cb500000, 0x000000076ae00000)
  object space 175104K, 7% used [0x00000006c0a00000,0x00000006c179d0e0,0x00000006cb500000)
 Metaspace       used 8473K, capacity 8584K, committed 8704K, reserved 1056768K
  class space    used 960K, capacity 1008K, committed 1024K, reserved 1048576K
Event: 1.312 GC heap after
Heap after GC invocations=4 (full 0):
 PSYoungGen      total 272896K, used 10744K [0x000000076ae00000, 0x000000077c300000, 0x00000007c0000000)
  eden space 262144K, 0% used [0x000000076ae00000,0x000000076ae00000,0x000000077ae00000)
  from space 10752K, 99% used [0x000000077b880000,0x000000077c2fe288,0x000000077c300000)
  to   space 10752K, 0% used [0x000000077ae00000,0x000000077ae00000,0x000000077b880000)
 ParOldGen       total 175104K, used 27584K [0x00000006c0a00000, 0x00000006cb500000, 0x000000076ae00000)
  object space 175104K, 15% used [0x00000006c0a00000,0x00000006c24f03e8,0x00000006cb500000)
 Metaspace       used 8473K, capacity 8584K, committed 8704K, reserved 1056768K
  class space    used 960K, capacity 1008K, committed 1024K, reserved 1048576K
}
Event: 1.689 GC heap before
{Heap before GC invocations=5 (full 0):
 PSYoungGen      total 272896K, used 272888K [0x000000076ae00000, 0x000000077c300000, 0x00000007c0000000)
  eden space 262144K, 100% used [0x000000076ae00000,0x000000077ae00000,0x000000077ae00000)
  from space 10752K, 99% used [0x000000077b880000,0x000000077c2fe288,0x000000077c300000)
  to   space 10752K, 0% used [0x000000077ae00000,0x000000077ae00000,0x000000077b880000)
 ParOldGen       total 175104K, used 27584K [0x00000006c0a00000, 0x00000006cb500000, 0x000000076ae00000)
  object space 175104K, 15% used [0x00000006c0a00000,0x00000006c24f03e8,0x00000006cb500000)
 Metaspace       used 8479K, capacity 8584K, committed 8704K, reserved 1056768K
  class space    used 960K, capacity 1008K, committed 1024K, reserved 1048576K
Event: 1.701 GC heap after
Heap after GC invocations=5 (full 0):
 PSYoungGen      total 272896K, used 10744K [0x000000076ae00000, 0x000000078e500000, 0x00000007c0000000)
  eden space 262144K, 0% used [0x000000076ae00000,0x000000076ae00000,0x000000077ae00000)
  from space 10752K, 99% used [0x000000077ae00000,0x000000077b87e218,0x000000077b880000)
  to   space 28160K, 0% used [0x000000078c980000,0x000000078c980000,0x000000078e500000)
 ParOldGen       total 175104K, used 37606K [0x00000006c0a00000, 0x00000006cb500000, 0x000000076ae00000)
  object space 175104K, 21% used [0x00000006c0a00000,0x00000006c2eb9ba8,0x00000006cb500000)
 Metaspace       used 8479K, capacity 8584K, committed 8704K, reserved 1056768K
  class space    used 960K, capacity 1008K, committed 1024K, reserved 1048576K
}
Event: 2.136 GC heap before
{Heap before GC invocations=6 (full 0):
 PSYoungGen      total 272896K, used 272888K [0x000000076ae00000, 0x000000078e500000, 0x00000007c0000000)
  eden space 262144K, 100% used [0x000000076ae00000,0x000000077ae00000,0x000000077ae00000)
  from space 10752K, 99% used [0x000000077ae00000,0x000000077b87e218,0x000000077b880000)
  to   space 28160K, 0% used [0x000000078c980000,0x000000078c980000,0x000000078e500000)
 ParOldGen       total 175104K, used 37606K [0x00000006c0a00000, 0x00000006cb500000, 0x000000076ae00000)
  object space 175104K, 21% used [0x00000006c0a00000,0x00000006c2eb9ba8,0x00000006cb500000)
 Metaspace       used 8484K, capacity 8584K, committed 8704K, reserved 1056768K
  class space    used 960K, capacity 1008K, committed 1024K, reserved 1048576K
Event: 2.159 GC heap after
Heap after GC invocations=6 (full 0):
 PSYoungGen      total 537600K, used 28142K [0x000000076ae00000, 0x0000000790200000, 0x00000007c0000000)
  eden space 509440K, 0% used [0x000000076ae00000,0x000000076ae00000,0x0000000789f80000)
  from space 28160K, 99% used [0x000000078c980000,0x000000078e4fb868,0x000000078e500000)
  to   space 43008K, 0% used [0x0000000789f80000,0x0000000789f80000,0x000000078c980000)
 ParOldGen       total 175104K, used 56621K [0x00000006c0a00000, 0x00000006cb500000, 0x000000076ae00000)
  object space 175104K, 32% used [0x00000006c0a00000,0x00000006c414b508,0x00000006cb500000)
 Metaspace       used 8484K, capacity 8584K, committed 8704K, reserved 1056768K
  class space    used 960K, capacity 1008K, committed 1024K, reserved 1048576K
}
Event: 4.201 GC heap before
{Heap before GC invocations=7 (full 0):
 PSYoungGen      total 537600K, used 349553K [0x000000076ae00000, 0x0000000790200000, 0x00000007c0000000)
  eden space 509440K, 63% used [0x000000076ae00000,0x000000077e7e0f88,0x0000000789f80000)
  from space 28160K, 99% used [0x000000078c980000,0x000000078e4fb868,0x000000078e500000)
  to   space 43008K, 0% used [0x0000000789f80000,0x0000000789f80000,0x000000078c980000)
 ParOldGen       total 175104K, used 56621K [0x00000006c0a00000, 0x00000006cb500000, 0x000000076ae00000)
  object space 175104K, 32% used [0x00000006c0a00000,0x00000006c414b508,0x00000006cb500000)
 Metaspace       used 20861K, capacity 21048K, committed 21296K, reserved 1069056K
  class space    used 2329K, capacity 2389K, committed 2432K, reserved 1048576K
Event: 4.216 GC heap after
Heap after GC invocations=7 (full 0):
 PSYoungGen      total 552448K, used 20639K [0x000000076ae00000, 0x00000007ae000000, 0x00000007c0000000)
  eden space 509440K, 0% used [0x000000076ae00000,0x000000076ae00000,0x0000000789f80000)
  from space 43008K, 47% used [0x0000000789f80000,0x000000078b3a7ee8,0x000000078c980000)
  to   space 40448K, 0% used [0x00000007ab880000,0x00000007ab880000,0x00000007ae000000)
 ParOldGen       total 175104K, used 58200K [0x00000006c0a00000, 0x00000006cb500000, 0x000000076ae00000)
  object space 175104K, 33% used [0x00000006c0a00000,0x00000006c42d62b8,0x00000006cb500000)
 Metaspace       used 20861K, capacity 21048K, committed 21296K, reserved 1069056K
  class space    used 2329K, capacity 2389K, committed 2432K, reserved 1048576K
}
Event: 4.216 GC heap before
{Heap before GC invocations=8 (full 1):
 PSYoungGen      total 552448K, used 20639K [0x000000076ae00000, 0x00000007ae000000, 0x00000007c0000000)
  eden space 509440K, 0% used [0x000000076ae00000,0x000000076ae00000,0x0000000789f80000)
  from space 43008K, 47% used [0x0000000789f80000,0x000000078b3a7ee8,0x000000078c980000)
  to   space 40448K, 0% used [0x00000007ab880000,0x00000007ab880000,0x00000007ae000000)
 ParOldGen       total 175104K, used 58200K [0x00000006c0a00000, 0x00000006cb500000, 0x000000076ae00000)
  object space 175104K, 33% used [0x00000006c0a00000,0x00000006c42d62b8,0x00000006cb500000)
 Metaspace       used 20861K, capacity 21048K, committed 21296K, reserved 1069056K
  class space    used 2329K, capacity 2389K, committed 2432K, reserved 1048576K
Event: 4.246 GC heap after
Heap after GC invocations=8 (full 1):
 PSYoungGen      total 552448K, used 0K [0x000000076ae00000, 0x00000007ae000000, 0x00000007c0000000)
  eden space 509440K, 0% used [0x000000076ae00000,0x000000076ae00000,0x0000000789f80000)
  from space 43008K, 0% used [0x0000000789f80000,0x0000000789f80000,0x000000078c980000)
  to   space 40448K, 0% used [0x00000007ab880000,0x00000007ab880000,0x00000007ae000000)
 ParOldGen       total 121856K, used 21421K [0x00000006c0a00000, 0x00000006c8100000, 0x000000076ae00000)
  object space 121856K, 17% used [0x00000006c0a00000,0x00000006c1eeb568,0x00000006c8100000)
 Metaspace       used 20861K, capacity 21048K, committed 21296K, reserved 1069056K
  class space    used 2329K, capacity 2389K, committed 2432K, reserved 1048576K
}

