# JRE version: Java(TM) SE Runtime Environment (8.0_241-b07) (build 1.8.0_241-b07)
# Java VM: Java HotSpot(TM) 64-Bit Server VM (25.241-b07 mixed mode windows-amd64 compressed oops)
Heap:
 PSYoungGen      total 552448K, used 173464K [0x000000076ae00000, 0x00000007ae300000, 0x00000007c0000000)
  eden space 509440K, 34% used [0x000000076ae00000,0x0000000775766358,0x0000000789f80000)
  from space 43008K, 0% used [0x0000000789f80000,0x0000000789f80000,0x000000078c980000)
  to   space 41984K, 0% used [0x00000007aba00000,0x00000007aba00000,0x00000007ae300000)
 ParOldGen       total 113152K, used 14809K [0x00000006c0a00000, 0x00000006c7880000, 0x000000076ae00000)
  object space 113152K, 13% used [0x00000006c0a00000,0x00000006c1876470,0x00000006c7880000)
 Metaspace       used 31821K, capacity 32114K, committed 32512K, reserved 1077248K
  class space    used 3963K, capacity 4042K, committed 4096K, reserved 1048576K
GC Heap History (10 events):
Event: 1.203 GC heap before
{Heap before GC invocations=4 (full 0):
 PSYoungGen      total 141824K, used 141811K [0x000000076ae00000, 0x000000077c300000, 0x00000007c0000000)
  eden space 131072K, 100% used [0x000000076ae00000,0x0000000772e00000,0x0000000772e00000)
  from space 10752K, 99% used [0x0000000772e00000,0x000000077387ceb0,0x0000000773880000)
  to   space 10752K, 0% used [0x000000077b880000,0x000000077b880000,0x000000077c300000)
 ParOldGen       total 175104K, used 13907K [0x00000006c0a00000, 0x00000006cb500000, 0x000000076ae00000)
  object space 175104K, 7% used [0x00000006c0a00000,0x00000006c1794c28,0x00000006cb500000)
 Metaspace       used 8477K, capacity 8584K, committed 8704K, reserved 1056768K
  class space    used 960K, capacity 1008K, committed 1024K, reserved 1048576K
Event: 1.215 GC heap after
Heap after GC invocations=4 (full 0):
 PSYoungGen      total 272896K, used 10751K [0x000000076ae00000, 0x000000077c300000, 0x00000007c0000000)
  eden space 262144K, 0% used [0x000000076ae00000,0x000000076ae00000,0x000000077ae00000)
  from space 10752K, 99% used [0x000000077b880000,0x000000077c2ffff0,0x000000077c300000)
  to   space 10752K, 0% used [0x000000077ae00000,0x000000077ae00000,0x000000077b880000)
 ParOldGen       total 175104K, used 27966K [0x00000006c0a00000, 0x00000006cb500000, 0x000000076ae00000)
  object space 175104K, 15% used [0x00000006c0a00000,0x00000006c254f9a0,0x00000006cb500000)
 Metaspace       used 8477K, capacity 8584K, committed 8704K, reserved 1056768K
  class space    used 960K, capacity 1008K, committed 1024K, reserved 1048576K
}
Event: 1.599 GC heap before
{Heap before GC invocations=5 (full 0):
 PSYoungGen      total 272896K, used 272895K [0x000000076ae00000, 0x000000077c300000, 0x00000007c0000000)
  eden space 262144K, 100% used [0x000000076ae00000,0x000000077ae00000,0x000000077ae00000)
  from space 10752K, 99% used [0x000000077b880000,0x000000077c2ffff0,0x000000077c300000)
  to   space 10752K, 0% used [0x000000077ae00000,0x000000077ae00000,0x000000077b880000)
 ParOldGen       total 175104K, used 27966K [0x00000006c0a00000, 0x00000006cb500000, 0x000000076ae00000)
  object space 175104K, 15% used [0x00000006c0a00000,0x00000006c254f9a0,0x00000006cb500000)
 Metaspace       used 8482K, capacity 8584K, committed 8704K, reserved 1056768K
  class space    used 960K, capacity 1008K, committed 1024K, reserved 1048576K
Event: 1.613 GC heap after
Heap after GC invocations=5 (full 0):
 PSYoungGen      total 272896K, used 10745K [0x000000076ae00000, 0x000000078e500000, 0x00000007c0000000)
  eden space 262144K, 0% used [0x000000076ae00000,0x000000076ae00000,0x000000077ae00000)
  from space 10752K, 99% used [0x000000077ae00000,0x000000077b87e498,0x000000077b880000)
  to   space 28160K, 0% used [0x000000078c980000,0x000000078c980000,0x000000078e500000)
 ParOldGen       total 175104K, used 37459K [0x00000006c0a00000, 0x00000006cb500000, 0x000000076ae00000)
  object space 175104K, 21% used [0x00000006c0a00000,0x00000006c2e94d58,0x00000006cb500000)
 Metaspace       used 8482K, capacity 8584K, committed 8704K, reserved 1056768K
  class space    used 960K, capacity 1008K, committed 1024K, reserved 1048576K
}
Event: 2.007 GC heap before
{Heap before GC invocations=6 (full 0):
 PSYoungGen      total 272896K, used 272889K [0x000000076ae00000, 0x000000078e500000, 0x00000007c0000000)
  eden space 262144K, 100% used [0x000000076ae00000,0x000000077ae00000,0x000000077ae00000)
  from space 10752K, 99% used [0x000000077ae00000,0x000000077b87e498,0x000000077b880000)
  to   space 28160K, 0% used [0x000000078c980000,0x000000078c980000,0x000000078e500000)
 ParOldGen       total 175104K, used 37459K [0x00000006c0a00000, 0x00000006cb500000, 0x000000076ae00000)
  object space 175104K, 21% used [0x00000006c0a00000,0x00000006c2e94d58,0x00000006cb500000)
 Metaspace       used 8488K, capacity 8584K, committed 8704K, reserved 1056768K
  class space    used 960K, capacity 1008K, committed 1024K, reserved 1048576K
Event: 2.030 GC heap after
Heap after GC invocations=6 (full 0):
 PSYoungGen      total 537600K, used 28129K [0x000000076ae00000, 0x0000000790200000, 0x00000007c0000000)
  eden space 509440K, 0% used [0x000000076ae00000,0x000000076ae00000,0x0000000789f80000)
  from space 28160K, 99% used [0x000000078c980000,0x000000078e4f8420,0x000000078e500000)
  to   space 43008K, 0% used [0x0000000789f80000,0x0000000789f80000,0x000000078c980000)
 ParOldGen       total 175104K, used 56336K [0x00000006c0a00000, 0x00000006cb500000, 0x000000076ae00000)
  object space 175104K, 32% used [0x00000006c0a00000,0x00000006c41043b8,0x00000006cb500000)
 Metaspace       used 8488K, capacity 8584K, committed 8704K, reserved 1056768K
  class space    used 960K, capacity 1008K, committed 1024K, reserved 1048576K
}
Event: 3.398 GC heap before
{Heap before GC invocations=7 (full 0):
 PSYoungGen      total 537600K, used 293606K [0x000000076ae00000, 0x0000000790200000, 0x00000007c0000000)
  eden space 509440K, 52% used [0x000000076ae00000,0x000000077b141448,0x0000000789f80000)
  from space 28160K, 99% used [0x000000078c980000,0x000000078e4f8420,0x000000078e500000)
  to   space 43008K, 0% used [0x0000000789f80000,0x0000000789f80000,0x000000078c980000)
 ParOldGen       total 175104K, used 56336K [0x00000006c0a00000, 0x00000006cb500000, 0x000000076ae00000)
  object space 175104K, 32% used [0x00000006c0a00000,0x00000006c41043b8,0x00000006cb500000)
 Metaspace       used 20827K, capacity 21042K, committed 21248K, reserved 1069056K
  class space    used 2443K, capacity 2518K, committed 2560K, reserved 1048576K
Event: 3.407 GC heap after
Heap after GC invocations=7 (full 0):
 PSYoungGen      total 552448K, used 13984K [0x000000076ae00000, 0x00000007ae300000, 0x00000007c0000000)
  eden space 509440K, 0% used [0x000000076ae00000,0x000000076ae00000,0x0000000789f80000)
  from space 43008K, 32% used [0x0000000789f80000,0x000000078ad281d0,0x000000078c980000)
  to   space 41984K, 0% used [0x00000007aba00000,0x00000007aba00000,0x00000007ae300000)
 ParOldGen       total 175104K, used 57924K [0x00000006c0a00000, 0x00000006cb500000, 0x000000076ae00000)
  object space 175104K, 33% used [0x00000006c0a00000,0x00000006c4291168,0x00000006cb500000)
 Metaspace       used 20827K, capacity 21042K, committed 21248K, reserved 1069056K
  class space    used 2443K, capacity 2518K, committed 2560K, reserved 1048576K
}
Event: 3.407 GC heap before
{Heap before GC invocations=8 (full 1):
 PSYoungGen      total 552448K, used 13984K [0x000000076ae00000, 0x00000007ae300000, 0x00000007c0000000)
  eden space 509440K, 0% used [0x000000076ae00000,0x000000076ae00000,0x0000000789f80000)
  from space 43008K, 32% used [0x0000000789f80000,0x000000078ad281d0,0x000000078c980000)
  to   space 41984K, 0% used [0x00000007aba00000,0x00000007aba00000,0x00000007ae300000)
 ParOldGen       total 175104K, used 57924K [0x00000006c0a00000, 0x00000006cb500000, 0x000000076ae00000)
  object space 175104K, 33% used [0x00000006c0a00000,0x00000006c4291168,0x00000006cb500000)
 Metaspace       used 20827K, capacity 21042K, committed 21248K, reserved 1069056K
  class space    used 2443K, capacity 2518K, committed 2560K, reserved 1048576K
Event: 3.427 GC heap after
Heap after GC invocations=8 (full 1):
 PSYoungGen      total 552448K, used 0K [0x000000076ae00000, 0x00000007ae300000, 0x00000007c0000000)
  eden space 509440K, 0% used [0x000000076ae00000,0x000000076ae00000,0x0000000789f80000)
  from space 43008K, 0% used [0x0000000789f80000,0x0000000789f80000,0x000000078c980000)
  to   space 41984K, 0% used [0x00000007aba00000,0x00000007aba00000,0x00000007ae300000)
 ParOldGen       total 113152K, used 14809K [0x00000006c0a00000, 0x00000006c7880000, 0x000000076ae00000)
  object space 113152K, 13% used [0x00000006c0a00000,0x00000006c1876470,0x00000006c7880000)
 Metaspace       used 20827K, capacity 21042K, committed 21248K, reserved 1069056K
  class space    used 2443K, capacity 2518K, committed 2560K, reserved 1048576K
}

