# JRE version: Java(TM) SE Runtime Environment (8.0_241-b07) (build 1.8.0_241-b07)
# Java VM: Java HotSpot(TM) 64-Bit Server VM (25.241-b07 mixed mode windows-amd64 compressed oops)
Heap:
 PSYoungGen      total 552448K, used 196857K [0x000000076ae00000, 0x00000007ae100000, 0x00000007c0000000)
  eden space 509440K, 38% used [0x000000076ae00000,0x0000000776e3e710,0x0000000789f80000)
  from space 43008K, 0% used [0x0000000789f80000,0x0000000789f80000,0x000000078c980000)
  to   space 40960K, 0% used [0x00000007ab900000,0x00000007ab900000,0x00000007ae100000)
 ParOldGen       total 114688K, used 20103K [0x00000006c0a00000, 0x00000006c7a00000, 0x000000076ae00000)
  object space 114688K, 17% used [0x00000006c0a00000,0x00000006c1da1ed8,0x00000006c7a00000)
 Metaspace       used 31502K, capacity 31846K, committed 32384K, reserved 1077248K
  class space    used 3835K, capacity 3948K, committed 3968K, reserved 1048576K
GC Heap History (10 events):
Event: 1.216 GC heap before
{Heap before GC invocations=4 (full 0):
 PSYoungGen      total 141824K, used 141795K [0x000000076ae00000, 0x000000077c300000, 0x00000007c0000000)
  eden space 131072K, 100% used [0x000000076ae00000,0x0000000772e00000,0x0000000772e00000)
  from space 10752K, 99% used [0x0000000772e00000,0x0000000773878d40,0x0000000773880000)
  to   space 10752K, 0% used [0x000000077b880000,0x000000077b880000,0x000000077c300000)
 ParOldGen       total 175104K, used 13717K [0x00000006c0a00000, 0x00000006cb500000, 0x000000076ae00000)
  object space 175104K, 7% used [0x00000006c0a00000,0x00000006c1765710,0x00000006cb500000)
 Metaspace       used 8474K, capacity 8584K, committed 8704K, reserved 1056768K
  class space    used 960K, capacity 1008K, committed 1024K, reserved 1048576K
Event: 1.229 GC heap after
Heap after GC invocations=4 (full 0):
 PSYoungGen      total 272896K, used 10740K [0x000000076ae00000, 0x000000077c300000, 0x00000007c0000000)
  eden space 262144K, 0% used [0x000000076ae00000,0x000000076ae00000,0x000000077ae00000)
  from space 10752K, 99% used [0x000000077b880000,0x000000077c2fd240,0x000000077c300000)
  to   space 10752K, 0% used [0x000000077ae00000,0x000000077ae00000,0x000000077b880000)
 ParOldGen       total 175104K, used 27187K [0x00000006c0a00000, 0x00000006cb500000, 0x000000076ae00000)
  object space 175104K, 15% used [0x00000006c0a00000,0x00000006c248cf70,0x00000006cb500000)
 Metaspace       used 8474K, capacity 8584K, committed 8704K, reserved 1056768K
  class space    used 960K, capacity 1008K, committed 1024K, reserved 1048576K
}
Event: 1.602 GC heap before
{Heap before GC invocations=5 (full 0):
 PSYoungGen      total 272896K, used 272884K [0x000000076ae00000, 0x000000077c300000, 0x00000007c0000000)
  eden space 262144K, 100% used [0x000000076ae00000,0x000000077ae00000,0x000000077ae00000)
  from space 10752K, 99% used [0x000000077b880000,0x000000077c2fd240,0x000000077c300000)
  to   space 10752K, 0% used [0x000000077ae00000,0x000000077ae00000,0x000000077b880000)
 ParOldGen       total 175104K, used 27187K [0x00000006c0a00000, 0x00000006cb500000, 0x000000076ae00000)
  object space 175104K, 15% used [0x00000006c0a00000,0x00000006c248cf70,0x00000006cb500000)
 Metaspace       used 8480K, capacity 8584K, committed 8704K, reserved 1056768K
  class space    used 960K, capacity 1008K, committed 1024K, reserved 1048576K
Event: 1.614 GC heap after
Heap after GC invocations=5 (full 0):
 PSYoungGen      total 272896K, used 10750K [0x000000076ae00000, 0x000000078e500000, 0x00000007c0000000)
  eden space 262144K, 0% used [0x000000076ae00000,0x000000076ae00000,0x000000077ae00000)
  from space 10752K, 99% used [0x000000077ae00000,0x000000077b87fbd8,0x000000077b880000)
  to   space 28160K, 0% used [0x000000078c980000,0x000000078c980000,0x000000078e500000)
 ParOldGen       total 175104K, used 37192K [0x00000006c0a00000, 0x00000006cb500000, 0x000000076ae00000)
  object space 175104K, 21% used [0x00000006c0a00000,0x00000006c2e52090,0x00000006cb500000)
 Metaspace       used 8480K, capacity 8584K, committed 8704K, reserved 1056768K
  class space    used 960K, capacity 1008K, committed 1024K, reserved 1048576K
}
Event: 2.019 GC heap before
{Heap before GC invocations=6 (full 0):
 PSYoungGen      total 272896K, used 272894K [0x000000076ae00000, 0x000000078e500000, 0x00000007c0000000)
  eden space 262144K, 100% used [0x000000076ae00000,0x000000077ae00000,0x000000077ae00000)
  from space 10752K, 99% used [0x000000077ae00000,0x000000077b87fbd8,0x000000077b880000)
  to   space 28160K, 0% used [0x000000078c980000,0x000000078c980000,0x000000078e500000)
 ParOldGen       total 175104K, used 37192K [0x00000006c0a00000, 0x00000006cb500000, 0x000000076ae00000)
  object space 175104K, 21% used [0x00000006c0a00000,0x00000006c2e52090,0x00000006cb500000)
 Metaspace       used 8485K, capacity 8584K, committed 8704K, reserved 1056768K
  class space    used 960K, capacity 1008K, committed 1024K, reserved 1048576K
Event: 2.042 GC heap after
Heap after GC invocations=6 (full 0):
 PSYoungGen      total 537600K, used 28146K [0x000000076ae00000, 0x0000000790200000, 0x00000007c0000000)
  eden space 509440K, 0% used [0x000000076ae00000,0x000000076ae00000,0x0000000789f80000)
  from space 28160K, 99% used [0x000000078c980000,0x000000078e4fc8c0,0x000000078e500000)
  to   space 43008K, 0% used [0x0000000789f80000,0x0000000789f80000,0x000000078c980000)
 ParOldGen       total 175104K, used 56203K [0x00000006c0a00000, 0x00000006cb500000, 0x000000076ae00000)
  object space 175104K, 32% used [0x00000006c0a00000,0x00000006c40e2e48,0x00000006cb500000)
 Metaspace       used 8485K, capacity 8584K, committed 8704K, reserved 1056768K
  class space    used 960K, capacity 1008K, committed 1024K, reserved 1048576K
}
Event: 7.363 GC heap before
{Heap before GC invocations=7 (full 0):
 PSYoungGen      total 537600K, used 354567K [0x000000076ae00000, 0x0000000790200000, 0x00000007c0000000)
  eden space 509440K, 64% used [0x000000076ae00000,0x000000077ecc5600,0x0000000789f80000)
  from space 28160K, 99% used [0x000000078c980000,0x000000078e4fc8c0,0x000000078e500000)
  to   space 43008K, 0% used [0x0000000789f80000,0x0000000789f80000,0x000000078c980000)
 ParOldGen       total 175104K, used 56203K [0x00000006c0a00000, 0x00000006cb500000, 0x000000076ae00000)
  object space 175104K, 32% used [0x00000006c0a00000,0x00000006c40e2e48,0x00000006cb500000)
 Metaspace       used 20844K, capacity 21048K, committed 21296K, reserved 1069056K
  class space    used 2542K, capacity 2640K, committed 2688K, reserved 1048576K
Event: 7.376 GC heap after
Heap after GC invocations=7 (full 0):
 PSYoungGen      total 552448K, used 19549K [0x000000076ae00000, 0x00000007ae100000, 0x00000007c0000000)
  eden space 509440K, 0% used [0x000000076ae00000,0x000000076ae00000,0x0000000789f80000)
  from space 43008K, 45% used [0x0000000789f80000,0x000000078b297478,0x000000078c980000)
  to   space 40960K, 0% used [0x00000007ab900000,0x00000007ab900000,0x00000007ae100000)
 ParOldGen       total 175104K, used 57754K [0x00000006c0a00000, 0x00000006cb500000, 0x000000076ae00000)
  object space 175104K, 32% used [0x00000006c0a00000,0x00000006c4266be8,0x00000006cb500000)
 Metaspace       used 20844K, capacity 21048K, committed 21296K, reserved 1069056K
  class space    used 2542K, capacity 2640K, committed 2688K, reserved 1048576K
}
Event: 7.376 GC heap before
{Heap before GC invocations=8 (full 1):
 PSYoungGen      total 552448K, used 19549K [0x000000076ae00000, 0x00000007ae100000, 0x00000007c0000000)
  eden space 509440K, 0% used [0x000000076ae00000,0x000000076ae00000,0x0000000789f80000)
  from space 43008K, 45% used [0x0000000789f80000,0x000000078b297478,0x000000078c980000)
  to   space 40960K, 0% used [0x00000007ab900000,0x00000007ab900000,0x00000007ae100000)
 ParOldGen       total 175104K, used 57754K [0x00000006c0a00000, 0x00000006cb500000, 0x000000076ae00000)
  object space 175104K, 32% used [0x00000006c0a00000,0x00000006c4266be8,0x00000006cb500000)
 Metaspace       used 20844K, capacity 21048K, committed 21296K, reserved 1069056K
  class space    used 2542K, capacity 2640K, committed 2688K, reserved 1048576K
Event: 7.400 GC heap after
Heap after GC invocations=8 (full 1):
 PSYoungGen      total 552448K, used 0K [0x000000076ae00000, 0x00000007ae100000, 0x00000007c0000000)
  eden space 509440K, 0% used [0x000000076ae00000,0x000000076ae00000,0x0000000789f80000)
  from space 43008K, 0% used [0x0000000789f80000,0x0000000789f80000,0x000000078c980000)
  to   space 40960K, 0% used [0x00000007ab900000,0x00000007ab900000,0x00000007ae100000)
 ParOldGen       total 114688K, used 20103K [0x00000006c0a00000, 0x00000006c7a00000, 0x000000076ae00000)
  object space 114688K, 17% used [0x00000006c0a00000,0x00000006c1da1ed8,0x00000006c7a00000)
 Metaspace       used 20844K, capacity 21048K, committed 21296K, reserved 1069056K
  class space    used 2542K, capacity 2640K, committed 2688K, reserved 1048576K
}

