# JRE version: Java(TM) SE Runtime Environment (8.0_241-b07) (build 1.8.0_241-b07)
# Java VM: Java HotSpot(TM) 64-Bit Server VM (25.241-b07 mixed mode windows-amd64 compressed oops)
Heap:
 PSYoungGen      total 552448K, used 179315K [0x000000076ae00000, 0x00000007ae300000, 0x00000007c0000000)
  eden space 509440K, 35% used [0x000000076ae00000,0x0000000775d1cf50,0x0000000789f80000)
  from space 43008K, 0% used [0x0000000789f80000,0x0000000789f80000,0x000000078c980000)
  to   space 41984K, 0% used [0x00000007aba00000,0x00000007aba00000,0x00000007ae300000)
 ParOldGen       total 113152K, used 15005K [0x00000006c0a00000, 0x00000006c7880000, 0x000000076ae00000)
  object space 113152K, 13% used [0x00000006c0a00000,0x00000006c18a7560,0x00000006c7880000)
 Metaspace       used 31815K, capacity 32110K, committed 32512K, reserved 1077248K
  class space    used 3965K, capacity 4042K, committed 4096K, reserved 1048576K
GC Heap History (10 events):
Event: 1.189 GC heap before
{Heap before GC invocations=4 (full 0):
 PSYoungGen      total 141824K, used 141822K [0x000000076ae00000, 0x000000077c300000, 0x00000007c0000000)
  eden space 131072K, 100% used [0x000000076ae00000,0x0000000772e00000,0x0000000772e00000)
  from space 10752K, 99% used [0x0000000772e00000,0x000000077387fbb0,0x0000000773880000)
  to   space 10752K, 0% used [0x000000077b880000,0x000000077b880000,0x000000077c300000)
 ParOldGen       total 175104K, used 13765K [0x00000006c0a00000, 0x00000006cb500000, 0x000000076ae00000)
  object space 175104K, 7% used [0x00000006c0a00000,0x00000006c1771570,0x00000006cb500000)
 Metaspace       used 8472K, capacity 8580K, committed 8704K, reserved 1056768K
  class space    used 960K, capacity 1008K, committed 1024K, reserved 1048576K
Event: 1.202 GC heap after
Heap after GC invocations=4 (full 0):
 PSYoungGen      total 272896K, used 10730K [0x000000076ae00000, 0x000000077c300000, 0x00000007c0000000)
  eden space 262144K, 0% used [0x000000076ae00000,0x000000076ae00000,0x000000077ae00000)
  from space 10752K, 99% used [0x000000077b880000,0x000000077c2fa878,0x000000077c300000)
  to   space 10752K, 0% used [0x000000077ae00000,0x000000077ae00000,0x000000077b880000)
 ParOldGen       total 175104K, used 27310K [0x00000006c0a00000, 0x00000006cb500000, 0x000000076ae00000)
  object space 175104K, 15% used [0x00000006c0a00000,0x00000006c24ab838,0x00000006cb500000)
 Metaspace       used 8472K, capacity 8580K, committed 8704K, reserved 1056768K
  class space    used 960K, capacity 1008K, committed 1024K, reserved 1048576K
}
Event: 1.568 GC heap before
{Heap before GC invocations=5 (full 0):
 PSYoungGen      total 272896K, used 272874K [0x000000076ae00000, 0x000000077c300000, 0x00000007c0000000)
  eden space 262144K, 100% used [0x000000076ae00000,0x000000077ae00000,0x000000077ae00000)
  from space 10752K, 99% used [0x000000077b880000,0x000000077c2fa878,0x000000077c300000)
  to   space 10752K, 0% used [0x000000077ae00000,0x000000077ae00000,0x000000077b880000)
 ParOldGen       total 175104K, used 27310K [0x00000006c0a00000, 0x00000006cb500000, 0x000000076ae00000)
  object space 175104K, 15% used [0x00000006c0a00000,0x00000006c24ab838,0x00000006cb500000)
 Metaspace       used 8478K, capacity 8580K, committed 8704K, reserved 1056768K
  class space    used 960K, capacity 1008K, committed 1024K, reserved 1048576K
Event: 1.581 GC heap after
Heap after GC invocations=5 (full 0):
 PSYoungGen      total 272896K, used 10744K [0x000000076ae00000, 0x000000078e500000, 0x00000007c0000000)
  eden space 262144K, 0% used [0x000000076ae00000,0x000000076ae00000,0x000000077ae00000)
  from space 10752K, 99% used [0x000000077ae00000,0x000000077b87e378,0x000000077b880000)
  to   space 28160K, 0% used [0x000000078c980000,0x000000078c980000,0x000000078e500000)
 ParOldGen       total 175104K, used 37555K [0x00000006c0a00000, 0x00000006cb500000, 0x000000076ae00000)
  object space 175104K, 21% used [0x00000006c0a00000,0x00000006c2eace28,0x00000006cb500000)
 Metaspace       used 8478K, capacity 8580K, committed 8704K, reserved 1056768K
  class space    used 960K, capacity 1008K, committed 1024K, reserved 1048576K
}
Event: 1.984 GC heap before
{Heap before GC invocations=6 (full 0):
 PSYoungGen      total 272896K, used 272888K [0x000000076ae00000, 0x000000078e500000, 0x00000007c0000000)
  eden space 262144K, 100% used [0x000000076ae00000,0x000000077ae00000,0x000000077ae00000)
  from space 10752K, 99% used [0x000000077ae00000,0x000000077b87e378,0x000000077b880000)
  to   space 28160K, 0% used [0x000000078c980000,0x000000078c980000,0x000000078e500000)
 ParOldGen       total 175104K, used 37555K [0x00000006c0a00000, 0x00000006cb500000, 0x000000076ae00000)
  object space 175104K, 21% used [0x00000006c0a00000,0x00000006c2eace28,0x00000006cb500000)
 Metaspace       used 8483K, capacity 8580K, committed 8704K, reserved 1056768K
  class space    used 960K, capacity 1008K, committed 1024K, reserved 1048576K
Event: 2.008 GC heap after
Heap after GC invocations=6 (full 0):
 PSYoungGen      total 537600K, used 28144K [0x000000076ae00000, 0x0000000790200000, 0x00000007c0000000)
  eden space 509440K, 0% used [0x000000076ae00000,0x000000076ae00000,0x0000000789f80000)
  from space 28160K, 99% used [0x000000078c980000,0x000000078e4fc328,0x000000078e500000)
  to   space 43008K, 0% used [0x0000000789f80000,0x0000000789f80000,0x000000078c980000)
 ParOldGen       total 175104K, used 56603K [0x00000006c0a00000, 0x00000006cb500000, 0x000000076ae00000)
  object space 175104K, 32% used [0x00000006c0a00000,0x00000006c4146f78,0x00000006cb500000)
 Metaspace       used 8483K, capacity 8580K, committed 8704K, reserved 1056768K
  class space    used 960K, capacity 1008K, committed 1024K, reserved 1048576K
}
Event: 3.366 GC heap before
{Heap before GC invocations=7 (full 0):
 PSYoungGen      total 537600K, used 293602K [0x000000076ae00000, 0x0000000790200000, 0x00000007c0000000)
  eden space 509440K, 52% used [0x000000076ae00000,0x000000077b13c708,0x0000000789f80000)
  from space 28160K, 99% used [0x000000078c980000,0x000000078e4fc328,0x000000078e500000)
  to   space 43008K, 0% used [0x0000000789f80000,0x0000000789f80000,0x000000078c980000)
 ParOldGen       total 175104K, used 56603K [0x00000006c0a00000, 0x00000006cb500000, 0x000000076ae00000)
  object space 175104K, 32% used [0x00000006c0a00000,0x00000006c4146f78,0x00000006cb500000)
 Metaspace       used 20828K, capacity 21038K, committed 21248K, reserved 1069056K
  class space    used 2450K, capacity 2518K, committed 2560K, reserved 1048576K
Event: 3.376 GC heap after
Heap after GC invocations=7 (full 0):
 PSYoungGen      total 552448K, used 14227K [0x000000076ae00000, 0x00000007ae300000, 0x00000007c0000000)
  eden space 509440K, 0% used [0x000000076ae00000,0x000000076ae00000,0x0000000789f80000)
  from space 43008K, 33% used [0x0000000789f80000,0x000000078ad64d70,0x000000078c980000)
  to   space 41984K, 0% used [0x00000007aba00000,0x00000007aba00000,0x00000007ae300000)
 ParOldGen       total 175104K, used 58183K [0x00000006c0a00000, 0x00000006cb500000, 0x000000076ae00000)
  object space 175104K, 33% used [0x00000006c0a00000,0x00000006c42d1d28,0x00000006cb500000)
 Metaspace       used 20828K, capacity 21038K, committed 21248K, reserved 1069056K
  class space    used 2450K, capacity 2518K, committed 2560K, reserved 1048576K
}
Event: 3.376 GC heap before
{Heap before GC invocations=8 (full 1):
 PSYoungGen      total 552448K, used 14227K [0x000000076ae00000, 0x00000007ae300000, 0x00000007c0000000)
  eden space 509440K, 0% used [0x000000076ae00000,0x000000076ae00000,0x0000000789f80000)
  from space 43008K, 33% used [0x0000000789f80000,0x000000078ad64d70,0x000000078c980000)
  to   space 41984K, 0% used [0x00000007aba00000,0x00000007aba00000,0x00000007ae300000)
 ParOldGen       total 175104K, used 58183K [0x00000006c0a00000, 0x00000006cb500000, 0x000000076ae00000)
  object space 175104K, 33% used [0x00000006c0a00000,0x00000006c42d1d28,0x00000006cb500000)
 Metaspace       used 20828K, capacity 21038K, committed 21248K, reserved 1069056K
  class space    used 2450K, capacity 2518K, committed 2560K, reserved 1048576K
Event: 3.396 GC heap after
Heap after GC invocations=8 (full 1):
 PSYoungGen      total 552448K, used 0K [0x000000076ae00000, 0x00000007ae300000, 0x00000007c0000000)
  eden space 509440K, 0% used [0x000000076ae00000,0x000000076ae00000,0x0000000789f80000)
  from space 43008K, 0% used [0x0000000789f80000,0x0000000789f80000,0x000000078c980000)
  to   space 41984K, 0% used [0x00000007aba00000,0x00000007aba00000,0x00000007ae300000)
 ParOldGen       total 113152K, used 15005K [0x00000006c0a00000, 0x00000006c7880000, 0x000000076ae00000)
  object space 113152K, 13% used [0x00000006c0a00000,0x00000006c18a7560,0x00000006c7880000)
 Metaspace       used 20828K, capacity 21038K, committed 21248K, reserved 1069056K
  class space    used 2450K, capacity 2518K, committed 2560K, reserved 1048576K
}

