# JRE version: Java(TM) SE Runtime Environment (8.0_241-b07) (build 1.8.0_241-b07)
# Java VM: Java HotSpot(TM) 64-Bit Server VM (25.241-b07 mixed mode windows-amd64 compressed oops)
Heap:
 PSYoungGen      total 552448K, used 191077K [0x000000076ae00000, 0x00000007ae000000, 0x00000007c0000000)
  eden space 509440K, 37% used [0x000000076ae00000,0x0000000776899418,0x0000000789f80000)
  from space 43008K, 0% used [0x0000000789f80000,0x0000000789f80000,0x000000078c980000)
  to   space 40448K, 0% used [0x00000007ab880000,0x00000007ab880000,0x00000007ae000000)
 ParOldGen       total 123392K, used 21435K [0x00000006c0a00000, 0x00000006c8280000, 0x000000076ae00000)
  object space 123392K, 17% used [0x00000006c0a00000,0x00000006c1eeec70,0x00000006c8280000)
 Metaspace       used 32712K, capacity 33018K, committed 33280K, reserved 1079296K
  class space    used 3959K, capacity 4042K, committed 4096K, reserved 1048576K
GC Heap History (10 events):
Event: 1.155 GC heap before
{Heap before GC invocations=4 (full 0):
 PSYoungGen      total 141824K, used 141795K [0x000000076ae00000, 0x000000077c300000, 0x00000007c0000000)
  eden space 131072K, 100% used [0x000000076ae00000,0x0000000772e00000,0x0000000772e00000)
  from space 10752K, 99% used [0x0000000772e00000,0x0000000773878cb0,0x0000000773880000)
  to   space 10752K, 0% used [0x000000077b880000,0x000000077b880000,0x000000077c300000)
 ParOldGen       total 175104K, used 13832K [0x00000006c0a00000, 0x00000006cb500000, 0x000000076ae00000)
  object space 175104K, 7% used [0x00000006c0a00000,0x00000006c17823d0,0x00000006cb500000)
 Metaspace       used 8471K, capacity 8580K, committed 8704K, reserved 1056768K
  class space    used 960K, capacity 1008K, committed 1024K, reserved 1048576K
Event: 1.166 GC heap after
Heap after GC invocations=4 (full 0):
 PSYoungGen      total 272896K, used 10725K [0x000000076ae00000, 0x000000077c300000, 0x00000007c0000000)
  eden space 262144K, 0% used [0x000000076ae00000,0x000000076ae00000,0x000000077ae00000)
  from space 10752K, 99% used [0x000000077b880000,0x000000077c2f96c8,0x000000077c300000)
  to   space 10752K, 0% used [0x000000077ae00000,0x000000077ae00000,0x000000077b880000)
 ParOldGen       total 175104K, used 27250K [0x00000006c0a00000, 0x00000006cb500000, 0x000000076ae00000)
  object space 175104K, 15% used [0x00000006c0a00000,0x00000006c249c838,0x00000006cb500000)
 Metaspace       used 8471K, capacity 8580K, committed 8704K, reserved 1056768K
  class space    used 960K, capacity 1008K, committed 1024K, reserved 1048576K
}
Event: 1.528 GC heap before
{Heap before GC invocations=5 (full 0):
 PSYoungGen      total 272896K, used 272869K [0x000000076ae00000, 0x000000077c300000, 0x00000007c0000000)
  eden space 262144K, 100% used [0x000000076ae00000,0x000000077ae00000,0x000000077ae00000)
  from space 10752K, 99% used [0x000000077b880000,0x000000077c2f96c8,0x000000077c300000)
  to   space 10752K, 0% used [0x000000077ae00000,0x000000077ae00000,0x000000077b880000)
 ParOldGen       total 175104K, used 27250K [0x00000006c0a00000, 0x00000006cb500000, 0x000000076ae00000)
  object space 175104K, 15% used [0x00000006c0a00000,0x00000006c249c838,0x00000006cb500000)
 Metaspace       used 8477K, capacity 8580K, committed 8704K, reserved 1056768K
  class space    used 960K, capacity 1008K, committed 1024K, reserved 1048576K
Event: 1.540 GC heap after
Heap after GC invocations=5 (full 0):
 PSYoungGen      total 272896K, used 10729K [0x000000076ae00000, 0x000000078e500000, 0x00000007c0000000)
  eden space 262144K, 0% used [0x000000076ae00000,0x000000076ae00000,0x000000077ae00000)
  from space 10752K, 99% used [0x000000077ae00000,0x000000077b87a528,0x000000077b880000)
  to   space 28160K, 0% used [0x000000078c980000,0x000000078c980000,0x000000078e500000)
 ParOldGen       total 175104K, used 37264K [0x00000006c0a00000, 0x00000006cb500000, 0x000000076ae00000)
  object space 175104K, 21% used [0x00000006c0a00000,0x00000006c2e64240,0x00000006cb500000)
 Metaspace       used 8477K, capacity 8580K, committed 8704K, reserved 1056768K
  class space    used 960K, capacity 1008K, committed 1024K, reserved 1048576K
}
Event: 1.949 GC heap before
{Heap before GC invocations=6 (full 0):
 PSYoungGen      total 272896K, used 272873K [0x000000076ae00000, 0x000000078e500000, 0x00000007c0000000)
  eden space 262144K, 100% used [0x000000076ae00000,0x000000077ae00000,0x000000077ae00000)
  from space 10752K, 99% used [0x000000077ae00000,0x000000077b87a528,0x000000077b880000)
  to   space 28160K, 0% used [0x000000078c980000,0x000000078c980000,0x000000078e500000)
 ParOldGen       total 175104K, used 37264K [0x00000006c0a00000, 0x00000006cb500000, 0x000000076ae00000)
  object space 175104K, 21% used [0x00000006c0a00000,0x00000006c2e64240,0x00000006cb500000)
 Metaspace       used 8482K, capacity 8580K, committed 8704K, reserved 1056768K
  class space    used 960K, capacity 1008K, committed 1024K, reserved 1048576K
Event: 1.972 GC heap after
Heap after GC invocations=6 (full 0):
 PSYoungGen      total 537600K, used 28145K [0x000000076ae00000, 0x0000000790200000, 0x00000007c0000000)
  eden space 509440K, 0% used [0x000000076ae00000,0x000000076ae00000,0x0000000789f80000)
  from space 28160K, 99% used [0x000000078c980000,0x000000078e4fc6e8,0x000000078e500000)
  to   space 43008K, 0% used [0x0000000789f80000,0x0000000789f80000,0x000000078c980000)
 ParOldGen       total 175104K, used 56149K [0x00000006c0a00000, 0x00000006cb500000, 0x000000076ae00000)
  object space 175104K, 32% used [0x00000006c0a00000,0x00000006c40d5598,0x00000006cb500000)
 Metaspace       used 8482K, capacity 8580K, committed 8704K, reserved 1056768K
  class space    used 960K, capacity 1008K, committed 1024K, reserved 1048576K
}
Event: 3.846 GC heap before
{Heap before GC invocations=7 (full 0):
 PSYoungGen      total 537600K, used 354518K [0x000000076ae00000, 0x0000000790200000, 0x00000007c0000000)
  eden space 509440K, 64% used [0x000000076ae00000,0x000000077ecb9410,0x0000000789f80000)
  from space 28160K, 99% used [0x000000078c980000,0x000000078e4fc6e8,0x000000078e500000)
  to   space 43008K, 0% used [0x0000000789f80000,0x0000000789f80000,0x000000078c980000)
 ParOldGen       total 175104K, used 56149K [0x00000006c0a00000, 0x00000006cb500000, 0x000000076ae00000)
  object space 175104K, 32% used [0x00000006c0a00000,0x00000006c40d5598,0x00000006cb500000)
 Metaspace       used 20857K, capacity 21044K, committed 21296K, reserved 1069056K
  class space    used 2329K, capacity 2389K, committed 2432K, reserved 1048576K
Event: 3.862 GC heap after
Heap after GC invocations=7 (full 0):
 PSYoungGen      total 552448K, used 20704K [0x000000076ae00000, 0x00000007ae000000, 0x00000007c0000000)
  eden space 509440K, 0% used [0x000000076ae00000,0x000000076ae00000,0x0000000789f80000)
  from space 43008K, 48% used [0x0000000789f80000,0x000000078b3b8228,0x000000078c980000)
  to   space 40448K, 0% used [0x00000007ab880000,0x00000007ab880000,0x00000007ae000000)
 ParOldGen       total 175104K, used 57700K [0x00000006c0a00000, 0x00000006cb500000, 0x000000076ae00000)
  object space 175104K, 32% used [0x00000006c0a00000,0x00000006c4259358,0x00000006cb500000)
 Metaspace       used 20857K, capacity 21044K, committed 21296K, reserved 1069056K
  class space    used 2329K, capacity 2389K, committed 2432K, reserved 1048576K
}
Event: 3.862 GC heap before
{Heap before GC invocations=8 (full 1):
 PSYoungGen      total 552448K, used 20704K [0x000000076ae00000, 0x00000007ae000000, 0x00000007c0000000)
  eden space 509440K, 0% used [0x000000076ae00000,0x000000076ae00000,0x0000000789f80000)
  from space 43008K, 48% used [0x0000000789f80000,0x000000078b3b8228,0x000000078c980000)
  to   space 40448K, 0% used [0x00000007ab880000,0x00000007ab880000,0x00000007ae000000)
 ParOldGen       total 175104K, used 57700K [0x00000006c0a00000, 0x00000006cb500000, 0x000000076ae00000)
  object space 175104K, 32% used [0x00000006c0a00000,0x00000006c4259358,0x00000006cb500000)
 Metaspace       used 20857K, capacity 21044K, committed 21296K, reserved 1069056K
  class space    used 2329K, capacity 2389K, committed 2432K, reserved 1048576K
Event: 3.894 GC heap after
Heap after GC invocations=8 (full 1):
 PSYoungGen      total 552448K, used 0K [0x000000076ae00000, 0x00000007ae000000, 0x00000007c0000000)
  eden space 509440K, 0% used [0x000000076ae00000,0x000000076ae00000,0x0000000789f80000)
  from space 43008K, 0% used [0x0000000789f80000,0x0000000789f80000,0x000000078c980000)
  to   space 40448K, 0% used [0x00000007ab880000,0x00000007ab880000,0x00000007ae000000)
 ParOldGen       total 123392K, used 21435K [0x00000006c0a00000, 0x00000006c8280000, 0x000000076ae00000)
  object space 123392K, 17% used [0x00000006c0a00000,0x00000006c1eeec70,0x00000006c8280000)
 Metaspace       used 20857K, capacity 21044K, committed 21296K, reserved 1069056K
  class space    used 2329K, capacity 2389K, committed 2432K, reserved 1048576K
}

