# JRE version: Java(TM) SE Runtime Environment (8.0_241-b07) (build 1.8.0_241-b07)
# Java VM: Java HotSpot(TM) 64-Bit Server VM (25.241-b07 mixed mode windows-amd64 compressed oops)
Heap:
 PSYoungGen      total 552448K, used 190955K [0x000000076ae00000, 0x00000007ae000000, 0x00000007c0000000)
  eden space 509440K, 37% used [0x000000076ae00000,0x000000077687add8,0x0000000789f80000)
  from space 43008K, 0% used [0x0000000789f80000,0x0000000789f80000,0x000000078c980000)
  to   space 40448K, 0% used [0x00000007ab880000,0x00000007ab880000,0x00000007ae000000)
 ParOldGen       total 122880K, used 21421K [0x00000006c0a00000, 0x00000006c8200000, 0x000000076ae00000)
  object space 122880K, 17% used [0x00000006c0a00000,0x00000006c1eeb538,0x00000006c8200000)
 Metaspace       used 32731K, capacity 33022K, committed 33280K, reserved 1079296K
  class space    used 3960K, capacity 4042K, committed 4096K, reserved 1048576K
GC Heap History (10 events):
Event: 1.167 GC heap before
{Heap before GC invocations=4 (full 0):
 PSYoungGen      total 141824K, used 141811K [0x000000076ae00000, 0x000000077c300000, 0x00000007c0000000)
  eden space 131072K, 100% used [0x000000076ae00000,0x0000000772e00000,0x0000000772e00000)
  from space 10752K, 99% used [0x0000000772e00000,0x000000077387cc50,0x0000000773880000)
  to   space 10752K, 0% used [0x000000077b880000,0x000000077b880000,0x000000077c300000)
 ParOldGen       total 175104K, used 13857K [0x00000006c0a00000, 0x00000006cb500000, 0x000000076ae00000)
  object space 175104K, 7% used [0x00000006c0a00000,0x00000006c17887d8,0x00000006cb500000)
 Metaspace       used 8477K, capacity 8584K, committed 8704K, reserved 1056768K
  class space    used 960K, capacity 1008K, committed 1024K, reserved 1048576K
Event: 1.179 GC heap after
Heap after GC invocations=4 (full 0):
 PSYoungGen      total 272896K, used 10731K [0x000000076ae00000, 0x000000077c300000, 0x00000007c0000000)
  eden space 262144K, 0% used [0x000000076ae00000,0x000000076ae00000,0x000000077ae00000)
  from space 10752K, 99% used [0x000000077b880000,0x000000077c2fadc8,0x000000077c300000)
  to   space 10752K, 0% used [0x000000077ae00000,0x000000077ae00000,0x000000077b880000)
 ParOldGen       total 175104K, used 27377K [0x00000006c0a00000, 0x00000006cb500000, 0x000000076ae00000)
  object space 175104K, 15% used [0x00000006c0a00000,0x00000006c24bc550,0x00000006cb500000)
 Metaspace       used 8477K, capacity 8584K, committed 8704K, reserved 1056768K
  class space    used 960K, capacity 1008K, committed 1024K, reserved 1048576K
}
Event: 1.559 GC heap before
{Heap before GC invocations=5 (full 0):
 PSYoungGen      total 272896K, used 272875K [0x000000076ae00000, 0x000000077c300000, 0x00000007c0000000)
  eden space 262144K, 100% used [0x000000076ae00000,0x000000077ae00000,0x000000077ae00000)
  from space 10752K, 99% used [0x000000077b880000,0x000000077c2fadc8,0x000000077c300000)
  to   space 10752K, 0% used [0x000000077ae00000,0x000000077ae00000,0x000000077b880000)
 ParOldGen       total 175104K, used 27377K [0x00000006c0a00000, 0x00000006cb500000, 0x000000076ae00000)
  object space 175104K, 15% used [0x00000006c0a00000,0x00000006c24bc550,0x00000006cb500000)
 Metaspace       used 8483K, capacity 8584K, committed 8704K, reserved 1056768K
  class space    used 960K, capacity 1008K, committed 1024K, reserved 1048576K
Event: 1.571 GC heap after
Heap after GC invocations=5 (full 0):
 PSYoungGen      total 272896K, used 10737K [0x000000076ae00000, 0x000000078e500000, 0x00000007c0000000)
  eden space 262144K, 0% used [0x000000076ae00000,0x000000076ae00000,0x000000077ae00000)
  from space 10752K, 99% used [0x000000077ae00000,0x000000077b87c408,0x000000077b880000)
  to   space 28160K, 0% used [0x000000078c980000,0x000000078c980000,0x000000078e500000)
 ParOldGen       total 175104K, used 37568K [0x00000006c0a00000, 0x00000006cb500000, 0x000000076ae00000)
  object space 175104K, 21% used [0x00000006c0a00000,0x00000006c2eb0378,0x00000006cb500000)
 Metaspace       used 8483K, capacity 8584K, committed 8704K, reserved 1056768K
  class space    used 960K, capacity 1008K, committed 1024K, reserved 1048576K
}
Event: 1.991 GC heap before
{Heap before GC invocations=6 (full 0):
 PSYoungGen      total 272896K, used 272881K [0x000000076ae00000, 0x000000078e500000, 0x00000007c0000000)
  eden space 262144K, 100% used [0x000000076ae00000,0x000000077ae00000,0x000000077ae00000)
  from space 10752K, 99% used [0x000000077ae00000,0x000000077b87c408,0x000000077b880000)
  to   space 28160K, 0% used [0x000000078c980000,0x000000078c980000,0x000000078e500000)
 ParOldGen       total 175104K, used 37568K [0x00000006c0a00000, 0x00000006cb500000, 0x000000076ae00000)
  object space 175104K, 21% used [0x00000006c0a00000,0x00000006c2eb0378,0x00000006cb500000)
 Metaspace       used 8488K, capacity 8584K, committed 8704K, reserved 1056768K
  class space    used 960K, capacity 1008K, committed 1024K, reserved 1048576K
Event: 2.015 GC heap after
Heap after GC invocations=6 (full 0):
 PSYoungGen      total 537600K, used 28145K [0x000000076ae00000, 0x0000000790200000, 0x00000007c0000000)
  eden space 509440K, 0% used [0x000000076ae00000,0x000000076ae00000,0x0000000789f80000)
  from space 28160K, 99% used [0x000000078c980000,0x000000078e4fc4c0,0x000000078e500000)
  to   space 43008K, 0% used [0x0000000789f80000,0x0000000789f80000,0x000000078c980000)
 ParOldGen       total 175104K, used 56557K [0x00000006c0a00000, 0x00000006cb500000, 0x000000076ae00000)
  object space 175104K, 32% used [0x00000006c0a00000,0x00000006c413b468,0x00000006cb500000)
 Metaspace       used 8488K, capacity 8584K, committed 8704K, reserved 1056768K
  class space    used 960K, capacity 1008K, committed 1024K, reserved 1048576K
}
Event: 3.932 GC heap before
{Heap before GC invocations=7 (full 0):
 PSYoungGen      total 537600K, used 354415K [0x000000076ae00000, 0x0000000790200000, 0x00000007c0000000)
  eden space 509440K, 64% used [0x000000076ae00000,0x000000077ec9f8a8,0x0000000789f80000)
  from space 28160K, 99% used [0x000000078c980000,0x000000078e4fc4c0,0x000000078e500000)
  to   space 43008K, 0% used [0x0000000789f80000,0x0000000789f80000,0x000000078c980000)
 ParOldGen       total 175104K, used 56557K [0x00000006c0a00000, 0x00000006cb500000, 0x000000076ae00000)
  object space 175104K, 32% used [0x00000006c0a00000,0x00000006c413b468,0x00000006cb500000)
 Metaspace       used 20872K, capacity 21048K, committed 21296K, reserved 1069056K
  class space    used 2329K, capacity 2389K, committed 2432K, reserved 1048576K
Event: 3.944 GC heap after
Heap after GC invocations=7 (full 0):
 PSYoungGen      total 552448K, used 20583K [0x000000076ae00000, 0x00000007ae000000, 0x00000007c0000000)
  eden space 509440K, 0% used [0x000000076ae00000,0x000000076ae00000,0x0000000789f80000)
  from space 43008K, 47% used [0x0000000789f80000,0x000000078b399e48,0x000000078c980000)
  to   space 40448K, 0% used [0x00000007ab880000,0x00000007ab880000,0x00000007ae000000)
 ParOldGen       total 175104K, used 58128K [0x00000006c0a00000, 0x00000006cb500000, 0x000000076ae00000)
  object space 175104K, 33% used [0x00000006c0a00000,0x00000006c42c4218,0x00000006cb500000)
 Metaspace       used 20872K, capacity 21048K, committed 21296K, reserved 1069056K
  class space    used 2329K, capacity 2389K, committed 2432K, reserved 1048576K
}
Event: 3.944 GC heap before
{Heap before GC invocations=8 (full 1):
 PSYoungGen      total 552448K, used 20583K [0x000000076ae00000, 0x00000007ae000000, 0x00000007c0000000)
  eden space 509440K, 0% used [0x000000076ae00000,0x000000076ae00000,0x0000000789f80000)
  from space 43008K, 47% used [0x0000000789f80000,0x000000078b399e48,0x000000078c980000)
  to   space 40448K, 0% used [0x00000007ab880000,0x00000007ab880000,0x00000007ae000000)
 ParOldGen       total 175104K, used 58128K [0x00000006c0a00000, 0x00000006cb500000, 0x000000076ae00000)
  object space 175104K, 33% used [0x00000006c0a00000,0x00000006c42c4218,0x00000006cb500000)
 Metaspace       used 20872K, capacity 21048K, committed 21296K, reserved 1069056K
  class space    used 2329K, capacity 2389K, committed 2432K, reserved 1048576K
Event: 3.976 GC heap after
Heap after GC invocations=8 (full 1):
 PSYoungGen      total 552448K, used 0K [0x000000076ae00000, 0x00000007ae000000, 0x00000007c0000000)
  eden space 509440K, 0% used [0x000000076ae00000,0x000000076ae00000,0x0000000789f80000)
  from space 43008K, 0% used [0x0000000789f80000,0x0000000789f80000,0x000000078c980000)
  to   space 40448K, 0% used [0x00000007ab880000,0x00000007ab880000,0x00000007ae000000)
 ParOldGen       total 122880K, used 21421K [0x00000006c0a00000, 0x00000006c8200000, 0x000000076ae00000)
  object space 122880K, 17% used [0x00000006c0a00000,0x00000006c1eeb538,0x00000006c8200000)
 Metaspace       used 20872K, capacity 21048K, committed 21296K, reserved 1069056K
  class space    used 2329K, capacity 2389K, committed 2432K, reserved 1048576K
}

