# JRE version: Java(TM) SE Runtime Environment (8.0_241-b07) (build 1.8.0_241-b07)
# Java VM: Java HotSpot(TM) 64-Bit Server VM (25.241-b07 mixed mode windows-amd64 compressed oops)
Heap:
 PSYoungGen      total 552448K, used 204746K [0x000000076ae00000, 0x00000007ae100000, 0x00000007c0000000)
  eden space 509440K, 40% used [0x000000076ae00000,0x00000007775f2ab8,0x0000000789f80000)
  from space 43008K, 0% used [0x0000000789f80000,0x0000000789f80000,0x000000078c980000)
  to   space 40960K, 0% used [0x00000007ab900000,0x00000007ab900000,0x00000007ae100000)
 ParOldGen       total 114176K, used 19913K [0x00000006c0a00000, 0x00000006c7980000, 0x000000076ae00000)
  object space 114176K, 17% used [0x00000006c0a00000,0x00000006c1d72520,0x00000006c7980000)
 Metaspace       used 31594K, capacity 31974K, committed 32384K, reserved 1077248K
  class space    used 3835K, capacity 3948K, committed 3968K, reserved 1048576K
GC Heap History (10 events):
Event: 1.324 GC heap before
{Heap before GC invocations=4 (full 0):
 PSYoungGen      total 141824K, used 141807K [0x000000076ae00000, 0x000000077c300000, 0x00000007c0000000)
  eden space 131072K, 100% used [0x000000076ae00000,0x0000000772e00000,0x0000000772e00000)
  from space 10752K, 99% used [0x0000000772e00000,0x000000077387be70,0x0000000773880000)
  to   space 10752K, 0% used [0x000000077b880000,0x000000077b880000,0x000000077c300000)
 ParOldGen       total 175104K, used 14040K [0x00000006c0a00000, 0x00000006cb500000, 0x000000076ae00000)
  object space 175104K, 8% used [0x00000006c0a00000,0x00000006c17b61e0,0x00000006cb500000)
 Metaspace       used 8478K, capacity 8584K, committed 8704K, reserved 1056768K
  class space    used 960K, capacity 1008K, committed 1024K, reserved 1048576K
Event: 1.335 GC heap after
Heap after GC invocations=4 (full 0):
 PSYoungGen      total 272896K, used 10737K [0x000000076ae00000, 0x000000077c300000, 0x00000007c0000000)
  eden space 262144K, 0% used [0x000000076ae00000,0x000000076ae00000,0x000000077ae00000)
  from space 10752K, 99% used [0x000000077b880000,0x000000077c2fc548,0x000000077c300000)
  to   space 10752K, 0% used [0x000000077ae00000,0x000000077ae00000,0x000000077b880000)
 ParOldGen       total 175104K, used 27728K [0x00000006c0a00000, 0x00000006cb500000, 0x000000076ae00000)
  object space 175104K, 15% used [0x00000006c0a00000,0x00000006c2514050,0x00000006cb500000)
 Metaspace       used 8478K, capacity 8584K, committed 8704K, reserved 1056768K
  class space    used 960K, capacity 1008K, committed 1024K, reserved 1048576K
}
Event: 1.752 GC heap before
{Heap before GC invocations=5 (full 0):
 PSYoungGen      total 272896K, used 272881K [0x000000076ae00000, 0x000000077c300000, 0x00000007c0000000)
  eden space 262144K, 100% used [0x000000076ae00000,0x000000077ae00000,0x000000077ae00000)
  from space 10752K, 99% used [0x000000077b880000,0x000000077c2fc548,0x000000077c300000)
  to   space 10752K, 0% used [0x000000077ae00000,0x000000077ae00000,0x000000077b880000)
 ParOldGen       total 175104K, used 27728K [0x00000006c0a00000, 0x00000006cb500000, 0x000000076ae00000)
  object space 175104K, 15% used [0x00000006c0a00000,0x00000006c2514050,0x00000006cb500000)
 Metaspace       used 8484K, capacity 8584K, committed 8704K, reserved 1056768K
  class space    used 960K, capacity 1008K, committed 1024K, reserved 1048576K
Event: 1.764 GC heap after
Heap after GC invocations=5 (full 0):
 PSYoungGen      total 272896K, used 10748K [0x000000076ae00000, 0x000000078e500000, 0x00000007c0000000)
  eden space 262144K, 0% used [0x000000076ae00000,0x000000076ae00000,0x000000077ae00000)
  from space 10752K, 99% used [0x000000077ae00000,0x000000077b87f338,0x000000077b880000)
  to   space 28160K, 0% used [0x000000078c980000,0x000000078c980000,0x000000078e500000)
 ParOldGen       total 175104K, used 37989K [0x00000006c0a00000, 0x00000006cb500000, 0x000000076ae00000)
  object space 175104K, 21% used [0x00000006c0a00000,0x00000006c2f195f0,0x00000006cb500000)
 Metaspace       used 8484K, capacity 8584K, committed 8704K, reserved 1056768K
  class space    used 960K, capacity 1008K, committed 1024K, reserved 1048576K
}
Event: 2.227 GC heap before
{Heap before GC invocations=6 (full 0):
 PSYoungGen      total 272896K, used 272892K [0x000000076ae00000, 0x000000078e500000, 0x00000007c0000000)
  eden space 262144K, 100% used [0x000000076ae00000,0x000000077ae00000,0x000000077ae00000)
  from space 10752K, 99% used [0x000000077ae00000,0x000000077b87f338,0x000000077b880000)
  to   space 28160K, 0% used [0x000000078c980000,0x000000078c980000,0x000000078e500000)
 ParOldGen       total 175104K, used 37989K [0x00000006c0a00000, 0x00000006cb500000, 0x000000076ae00000)
  object space 175104K, 21% used [0x00000006c0a00000,0x00000006c2f195f0,0x00000006cb500000)
 Metaspace       used 8489K, capacity 8584K, committed 8704K, reserved 1056768K
  class space    used 960K, capacity 1008K, committed 1024K, reserved 1048576K
Event: 2.261 GC heap after
Heap after GC invocations=6 (full 0):
 PSYoungGen      total 537600K, used 28134K [0x000000076ae00000, 0x0000000790200000, 0x00000007c0000000)
  eden space 509440K, 0% used [0x000000076ae00000,0x000000076ae00000,0x0000000789f80000)
  from space 28160K, 99% used [0x000000078c980000,0x000000078e4f9b48,0x000000078e500000)
  to   space 43008K, 0% used [0x0000000789f80000,0x0000000789f80000,0x000000078c980000)
 ParOldGen       total 175104K, used 57129K [0x00000006c0a00000, 0x00000006cb500000, 0x000000076ae00000)
  object space 175104K, 32% used [0x00000006c0a00000,0x00000006c41ca580,0x00000006cb500000)
 Metaspace       used 8489K, capacity 8584K, committed 8704K, reserved 1056768K
  class space    used 960K, capacity 1008K, committed 1024K, reserved 1048576K
}
Event: 7.762 GC heap before
{Heap before GC invocations=7 (full 0):
 PSYoungGen      total 537600K, used 349388K [0x000000076ae00000, 0x0000000790200000, 0x00000007c0000000)
  eden space 509440K, 63% used [0x000000076ae00000,0x000000077e7b9628,0x0000000789f80000)
  from space 28160K, 99% used [0x000000078c980000,0x000000078e4f9b48,0x000000078e500000)
  to   space 43008K, 0% used [0x0000000789f80000,0x0000000789f80000,0x000000078c980000)
 ParOldGen       total 175104K, used 57129K [0x00000006c0a00000, 0x00000006cb500000, 0x000000076ae00000)
  object space 175104K, 32% used [0x00000006c0a00000,0x00000006c41ca580,0x00000006cb500000)
 Metaspace       used 20833K, capacity 21048K, committed 21296K, reserved 1069056K
  class space    used 2541K, capacity 2640K, committed 2688K, reserved 1048576K
Event: 7.776 GC heap after
Heap after GC invocations=7 (full 0):
 PSYoungGen      total 552448K, used 19321K [0x000000076ae00000, 0x00000007ae100000, 0x00000007c0000000)
  eden space 509440K, 0% used [0x000000076ae00000,0x000000076ae00000,0x0000000789f80000)
  from space 43008K, 44% used [0x0000000789f80000,0x000000078b25e6b0,0x000000078c980000)
  to   space 40960K, 0% used [0x00000007ab900000,0x00000007ab900000,0x00000007ae100000)
 ParOldGen       total 175104K, used 58824K [0x00000006c0a00000, 0x00000006cb500000, 0x000000076ae00000)
  object space 175104K, 33% used [0x00000006c0a00000,0x00000006c4372340,0x00000006cb500000)
 Metaspace       used 20833K, capacity 21048K, committed 21296K, reserved 1069056K
  class space    used 2541K, capacity 2640K, committed 2688K, reserved 1048576K
}
Event: 7.776 GC heap before
{Heap before GC invocations=8 (full 1):
 PSYoungGen      total 552448K, used 19321K [0x000000076ae00000, 0x00000007ae100000, 0x00000007c0000000)
  eden space 509440K, 0% used [0x000000076ae00000,0x000000076ae00000,0x0000000789f80000)
  from space 43008K, 44% used [0x0000000789f80000,0x000000078b25e6b0,0x000000078c980000)
  to   space 40960K, 0% used [0x00000007ab900000,0x00000007ab900000,0x00000007ae100000)
 ParOldGen       total 175104K, used 58824K [0x00000006c0a00000, 0x00000006cb500000, 0x000000076ae00000)
  object space 175104K, 33% used [0x00000006c0a00000,0x00000006c4372340,0x00000006cb500000)
 Metaspace       used 20833K, capacity 21048K, committed 21296K, reserved 1069056K
  class space    used 2541K, capacity 2640K, committed 2688K, reserved 1048576K
Event: 7.799 GC heap after
Heap after GC invocations=8 (full 1):
 PSYoungGen      total 552448K, used 0K [0x000000076ae00000, 0x00000007ae100000, 0x00000007c0000000)
  eden space 509440K, 0% used [0x000000076ae00000,0x000000076ae00000,0x0000000789f80000)
  from space 43008K, 0% used [0x0000000789f80000,0x0000000789f80000,0x000000078c980000)
  to   space 40960K, 0% used [0x00000007ab900000,0x00000007ab900000,0x00000007ae100000)
 ParOldGen       total 114176K, used 19913K [0x00000006c0a00000, 0x00000006c7980000, 0x000000076ae00000)
  object space 114176K, 17% used [0x00000006c0a00000,0x00000006c1d72520,0x00000006c7980000)
 Metaspace       used 20833K, capacity 21048K, committed 21296K, reserved 1069056K
  class space    used 2541K, capacity 2640K, committed 2688K, reserved 1048576K
}

