# JRE version: Java(TM) SE Runtime Environment (8.0_241-b07) (build 1.8.0_241-b07)
# Java VM: Java HotSpot(TM) 64-Bit Server VM (25.241-b07 mixed mode windows-amd64 compressed oops)
Heap:
 PSYoungGen      total 552448K, used 184432K [0x000000076ae00000, 0x00000007ae300000, 0x00000007c0000000)
  eden space 509440K, 36% used [0x000000076ae00000,0x000000077621c0b8,0x0000000789f80000)
  from space 43008K, 0% used [0x0000000789f80000,0x0000000789f80000,0x000000078c980000)
  to   space 41984K, 0% used [0x00000007aba00000,0x00000007aba00000,0x00000007ae300000)
 ParOldGen       total 114176K, used 15190K [0x00000006c0a00000, 0x00000006c7980000, 0x000000076ae00000)
  object space 114176K, 13% used [0x00000006c0a00000,0x00000006c18d5920,0x00000006c7980000)
 Metaspace       used 31815K, capacity 32050K, committed 32512K, reserved 1077248K
  class space    used 3970K, capacity 4042K, committed 4096K, reserved 1048576K
GC Heap History (10 events):
Event: 1.162 GC heap before
{Heap before GC invocations=4 (full 0):
 PSYoungGen      total 141824K, used 141803K [0x000000076ae00000, 0x000000077c300000, 0x00000007c0000000)
  eden space 131072K, 100% used [0x000000076ae00000,0x0000000772e00000,0x0000000772e00000)
  from space 10752K, 99% used [0x0000000772e00000,0x000000077387af68,0x0000000773880000)
  to   space 10752K, 0% used [0x000000077b880000,0x000000077b880000,0x000000077c300000)
 ParOldGen       total 175104K, used 14069K [0x00000006c0a00000, 0x00000006cb500000, 0x000000076ae00000)
  object space 175104K, 8% used [0x00000006c0a00000,0x00000006c17bd4b8,0x00000006cb500000)
 Metaspace       used 8475K, capacity 8584K, committed 8704K, reserved 1056768K
  class space    used 960K, capacity 1008K, committed 1024K, reserved 1048576K
Event: 1.173 GC heap after
Heap after GC invocations=4 (full 0):
 PSYoungGen      total 272896K, used 10728K [0x000000076ae00000, 0x000000077c300000, 0x00000007c0000000)
  eden space 262144K, 0% used [0x000000076ae00000,0x000000076ae00000,0x000000077ae00000)
  from space 10752K, 99% used [0x000000077b880000,0x000000077c2fa1f0,0x000000077c300000)
  to   space 10752K, 0% used [0x000000077ae00000,0x000000077ae00000,0x000000077b880000)
 ParOldGen       total 175104K, used 27721K [0x00000006c0a00000, 0x00000006cb500000, 0x000000076ae00000)
  object space 175104K, 15% used [0x00000006c0a00000,0x00000006c25125c0,0x00000006cb500000)
 Metaspace       used 8475K, capacity 8584K, committed 8704K, reserved 1056768K
  class space    used 960K, capacity 1008K, committed 1024K, reserved 1048576K
}
Event: 1.538 GC heap before
{Heap before GC invocations=5 (full 0):
 PSYoungGen      total 272896K, used 272872K [0x000000076ae00000, 0x000000077c300000, 0x00000007c0000000)
  eden space 262144K, 100% used [0x000000076ae00000,0x000000077ae00000,0x000000077ae00000)
  from space 10752K, 99% used [0x000000077b880000,0x000000077c2fa1f0,0x000000077c300000)
  to   space 10752K, 0% used [0x000000077ae00000,0x000000077ae00000,0x000000077b880000)
 ParOldGen       total 175104K, used 27721K [0x00000006c0a00000, 0x00000006cb500000, 0x000000076ae00000)
  object space 175104K, 15% used [0x00000006c0a00000,0x00000006c25125c0,0x00000006cb500000)
 Metaspace       used 8481K, capacity 8584K, committed 8704K, reserved 1056768K
  class space    used 960K, capacity 1008K, committed 1024K, reserved 1048576K
Event: 1.550 GC heap after
Heap after GC invocations=5 (full 0):
 PSYoungGen      total 272896K, used 10751K [0x000000076ae00000, 0x000000078e500000, 0x00000007c0000000)
  eden space 262144K, 0% used [0x000000076ae00000,0x000000076ae00000,0x000000077ae00000)
  from space 10752K, 99% used [0x000000077ae00000,0x000000077b87fd30,0x000000077b880000)
  to   space 28160K, 0% used [0x000000078c980000,0x000000078c980000,0x000000078e500000)
 ParOldGen       total 175104K, used 37736K [0x00000006c0a00000, 0x00000006cb500000, 0x000000076ae00000)
  object space 175104K, 21% used [0x00000006c0a00000,0x00000006c2eda368,0x00000006cb500000)
 Metaspace       used 8481K, capacity 8584K, committed 8704K, reserved 1056768K
  class space    used 960K, capacity 1008K, committed 1024K, reserved 1048576K
}
Event: 1.947 GC heap before
{Heap before GC invocations=6 (full 0):
 PSYoungGen      total 272896K, used 272895K [0x000000076ae00000, 0x000000078e500000, 0x00000007c0000000)
  eden space 262144K, 100% used [0x000000076ae00000,0x000000077ae00000,0x000000077ae00000)
  from space 10752K, 99% used [0x000000077ae00000,0x000000077b87fd30,0x000000077b880000)
  to   space 28160K, 0% used [0x000000078c980000,0x000000078c980000,0x000000078e500000)
 ParOldGen       total 175104K, used 37736K [0x00000006c0a00000, 0x00000006cb500000, 0x000000076ae00000)
  object space 175104K, 21% used [0x00000006c0a00000,0x00000006c2eda368,0x00000006cb500000)
 Metaspace       used 8486K, capacity 8584K, committed 8704K, reserved 1056768K
  class space    used 960K, capacity 1008K, committed 1024K, reserved 1048576K
Event: 1.970 GC heap after
Heap after GC invocations=6 (full 0):
 PSYoungGen      total 537600K, used 28150K [0x000000076ae00000, 0x0000000790200000, 0x00000007c0000000)
  eden space 509440K, 0% used [0x000000076ae00000,0x000000076ae00000,0x0000000789f80000)
  from space 28160K, 99% used [0x000000078c980000,0x000000078e4fda38,0x000000078e500000)
  to   space 43008K, 0% used [0x0000000789f80000,0x0000000789f80000,0x000000078c980000)
 ParOldGen       total 175104K, used 56635K [0x00000006c0a00000, 0x00000006cb500000, 0x000000076ae00000)
  object space 175104K, 32% used [0x00000006c0a00000,0x00000006c414eff8,0x00000006cb500000)
 Metaspace       used 8486K, capacity 8584K, committed 8704K, reserved 1056768K
  class space    used 960K, capacity 1008K, committed 1024K, reserved 1048576K
}
Event: 3.367 GC heap before
{Heap before GC invocations=7 (full 0):
 PSYoungGen      total 537600K, used 293630K [0x000000076ae00000, 0x0000000790200000, 0x00000007c0000000)
  eden space 509440K, 52% used [0x000000076ae00000,0x000000077b1420d0,0x0000000789f80000)
  from space 28160K, 99% used [0x000000078c980000,0x000000078e4fda38,0x000000078e500000)
  to   space 43008K, 0% used [0x0000000789f80000,0x0000000789f80000,0x000000078c980000)
 ParOldGen       total 175104K, used 56635K [0x00000006c0a00000, 0x00000006cb500000, 0x000000076ae00000)
  object space 175104K, 32% used [0x00000006c0a00000,0x00000006c414eff8,0x00000006cb500000)
 Metaspace       used 20824K, capacity 21042K, committed 21248K, reserved 1069056K
  class space    used 2453K, capacity 2518K, committed 2560K, reserved 1048576K
Event: 3.377 GC heap after
Heap after GC invocations=7 (full 0):
 PSYoungGen      total 552448K, used 14513K [0x000000076ae00000, 0x00000007ae300000, 0x00000007c0000000)
  eden space 509440K, 0% used [0x000000076ae00000,0x000000076ae00000,0x0000000789f80000)
  from space 43008K, 33% used [0x0000000789f80000,0x000000078adac780,0x000000078c980000)
  to   space 41984K, 0% used [0x00000007aba00000,0x00000007aba00000,0x00000007ae300000)
 ParOldGen       total 175104K, used 58327K [0x00000006c0a00000, 0x00000006cb500000, 0x000000076ae00000)
  object space 175104K, 33% used [0x00000006c0a00000,0x00000006c42f5da8,0x00000006cb500000)
 Metaspace       used 20824K, capacity 21042K, committed 21248K, reserved 1069056K
  class space    used 2453K, capacity 2518K, committed 2560K, reserved 1048576K
}
Event: 3.377 GC heap before
{Heap before GC invocations=8 (full 1):
 PSYoungGen      total 552448K, used 14513K [0x000000076ae00000, 0x00000007ae300000, 0x00000007c0000000)
  eden space 509440K, 0% used [0x000000076ae00000,0x000000076ae00000,0x0000000789f80000)
  from space 43008K, 33% used [0x0000000789f80000,0x000000078adac780,0x000000078c980000)
  to   space 41984K, 0% used [0x00000007aba00000,0x00000007aba00000,0x00000007ae300000)
 ParOldGen       total 175104K, used 58327K [0x00000006c0a00000, 0x00000006cb500000, 0x000000076ae00000)
  object space 175104K, 33% used [0x00000006c0a00000,0x00000006c42f5da8,0x00000006cb500000)
 Metaspace       used 20824K, capacity 21042K, committed 21248K, reserved 1069056K
  class space    used 2453K, capacity 2518K, committed 2560K, reserved 1048576K
Event: 3.397 GC heap after
Heap after GC invocations=8 (full 1):
 PSYoungGen      total 552448K, used 0K [0x000000076ae00000, 0x00000007ae300000, 0x00000007c0000000)
  eden space 509440K, 0% used [0x000000076ae00000,0x000000076ae00000,0x0000000789f80000)
  from space 43008K, 0% used [0x0000000789f80000,0x0000000789f80000,0x000000078c980000)
  to   space 41984K, 0% used [0x00000007aba00000,0x00000007aba00000,0x00000007ae300000)
 ParOldGen       total 114176K, used 15190K [0x00000006c0a00000, 0x00000006c7980000, 0x000000076ae00000)
  object space 114176K, 13% used [0x00000006c0a00000,0x00000006c18d5920,0x00000006c7980000)
 Metaspace       used 20824K, capacity 21042K, committed 21248K, reserved 1069056K
  class space    used 2453K, capacity 2518K, committed 2560K, reserved 1048576K
}

