# JRE version: Java(TM) SE Runtime Environment (8.0_241-b07) (build 1.8.0_241-b07)
# Java VM: Java HotSpot(TM) 64-Bit Server VM (25.241-b07 mixed mode windows-amd64 compressed oops)
Heap:
 PSYoungGen      total 552448K, used 183621K [0x000000076ae00000, 0x00000007ae300000, 0x00000007c0000000)
  eden space 509440K, 36% used [0x000000076ae00000,0x0000000776151590,0x0000000789f80000)
  from space 43008K, 0% used [0x0000000789f80000,0x0000000789f80000,0x000000078c980000)
  to   space 41984K, 0% used [0x00000007aba00000,0x00000007aba00000,0x00000007ae300000)
 ParOldGen       total 115200K, used 15007K [0x00000006c0a00000, 0x00000006c7a80000, 0x000000076ae00000)
  object space 115200K, 13% used [0x00000006c0a00000,0x00000006c18a7d60,0x00000006c7a80000)
 Metaspace       used 31870K, capacity 32178K, committed 32512K, reserved 1077248K
  class space    used 3967K, capacity 4042K, committed 4096K, reserved 1048576K
GC Heap History (10 events):
Event: 1.215 GC heap before
{Heap before GC invocations=4 (full 0):
 PSYoungGen      total 141824K, used 141823K [0x000000076ae00000, 0x000000077c300000, 0x00000007c0000000)
  eden space 131072K, 100% used [0x000000076ae00000,0x0000000772e00000,0x0000000772e00000)
  from space 10752K, 99% used [0x0000000772e00000,0x000000077387fdf0,0x0000000773880000)
  to   space 10752K, 0% used [0x000000077b880000,0x000000077b880000,0x000000077c300000)
 ParOldGen       total 175104K, used 13958K [0x00000006c0a00000, 0x00000006cb500000, 0x000000076ae00000)
  object space 175104K, 7% used [0x00000006c0a00000,0x00000006c17a1ba8,0x00000006cb500000)
 Metaspace       used 8470K, capacity 8584K, committed 8704K, reserved 1056768K
  class space    used 960K, capacity 1008K, committed 1024K, reserved 1048576K
Event: 1.228 GC heap after
Heap after GC invocations=4 (full 0):
 PSYoungGen      total 272896K, used 10750K [0x000000076ae00000, 0x000000077c300000, 0x00000007c0000000)
  eden space 262144K, 0% used [0x000000076ae00000,0x000000076ae00000,0x000000077ae00000)
  from space 10752K, 99% used [0x000000077b880000,0x000000077c2ff890,0x000000077c300000)
  to   space 10752K, 0% used [0x000000077ae00000,0x000000077ae00000,0x000000077b880000)
 ParOldGen       total 175104K, used 27948K [0x00000006c0a00000, 0x00000006cb500000, 0x000000076ae00000)
  object space 175104K, 15% used [0x00000006c0a00000,0x00000006c254b318,0x00000006cb500000)
 Metaspace       used 8470K, capacity 8584K, committed 8704K, reserved 1056768K
  class space    used 960K, capacity 1008K, committed 1024K, reserved 1048576K
}
Event: 1.611 GC heap before
{Heap before GC invocations=5 (full 0):
 PSYoungGen      total 272896K, used 272894K [0x000000076ae00000, 0x000000077c300000, 0x00000007c0000000)
  eden space 262144K, 100% used [0x000000076ae00000,0x000000077ae00000,0x000000077ae00000)
  from space 10752K, 99% used [0x000000077b880000,0x000000077c2ff890,0x000000077c300000)
  to   space 10752K, 0% used [0x000000077ae00000,0x000000077ae00000,0x000000077b880000)
 ParOldGen       total 175104K, used 27948K [0x00000006c0a00000, 0x00000006cb500000, 0x000000076ae00000)
  object space 175104K, 15% used [0x00000006c0a00000,0x00000006c254b318,0x00000006cb500000)
 Metaspace       used 8475K, capacity 8584K, committed 8704K, reserved 1056768K
  class space    used 960K, capacity 1008K, committed 1024K, reserved 1048576K
Event: 1.623 GC heap after
Heap after GC invocations=5 (full 0):
 PSYoungGen      total 272896K, used 10741K [0x000000076ae00000, 0x000000078e500000, 0x00000007c0000000)
  eden space 262144K, 0% used [0x000000076ae00000,0x000000076ae00000,0x000000077ae00000)
  from space 10752K, 99% used [0x000000077ae00000,0x000000077b87d7c0,0x000000077b880000)
  to   space 28160K, 0% used [0x000000078c980000,0x000000078c980000,0x000000078e500000)
 ParOldGen       total 175104K, used 37607K [0x00000006c0a00000, 0x00000006cb500000, 0x000000076ae00000)
  object space 175104K, 21% used [0x00000006c0a00000,0x00000006c2eb9f78,0x00000006cb500000)
 Metaspace       used 8475K, capacity 8584K, committed 8704K, reserved 1056768K
  class space    used 960K, capacity 1008K, committed 1024K, reserved 1048576K
}
Event: 2.041 GC heap before
{Heap before GC invocations=6 (full 0):
 PSYoungGen      total 272896K, used 272885K [0x000000076ae00000, 0x000000078e500000, 0x00000007c0000000)
  eden space 262144K, 100% used [0x000000076ae00000,0x000000077ae00000,0x000000077ae00000)
  from space 10752K, 99% used [0x000000077ae00000,0x000000077b87d7c0,0x000000077b880000)
  to   space 28160K, 0% used [0x000000078c980000,0x000000078c980000,0x000000078e500000)
 ParOldGen       total 175104K, used 37607K [0x00000006c0a00000, 0x00000006cb500000, 0x000000076ae00000)
  object space 175104K, 21% used [0x00000006c0a00000,0x00000006c2eb9f78,0x00000006cb500000)
 Metaspace       used 8481K, capacity 8584K, committed 8704K, reserved 1056768K
  class space    used 960K, capacity 1008K, committed 1024K, reserved 1048576K
Event: 2.065 GC heap after
Heap after GC invocations=6 (full 0):
 PSYoungGen      total 537600K, used 28157K [0x000000076ae00000, 0x0000000790200000, 0x00000007c0000000)
  eden space 509440K, 0% used [0x000000076ae00000,0x000000076ae00000,0x0000000789f80000)
  from space 28160K, 99% used [0x000000078c980000,0x000000078e4ff730,0x000000078e500000)
  to   space 43008K, 0% used [0x0000000789f80000,0x0000000789f80000,0x000000078c980000)
 ParOldGen       total 175104K, used 56504K [0x00000006c0a00000, 0x00000006cb500000, 0x000000076ae00000)
  object space 175104K, 32% used [0x00000006c0a00000,0x00000006c412e150,0x00000006cb500000)
 Metaspace       used 8481K, capacity 8584K, committed 8704K, reserved 1056768K
  class space    used 960K, capacity 1008K, committed 1024K, reserved 1048576K
}
Event: 3.517 GC heap before
{Heap before GC invocations=7 (full 0):
 PSYoungGen      total 537600K, used 293642K [0x000000076ae00000, 0x0000000790200000, 0x00000007c0000000)
  eden space 509440K, 52% used [0x000000076ae00000,0x000000077b143240,0x0000000789f80000)
  from space 28160K, 99% used [0x000000078c980000,0x000000078e4ff730,0x000000078e500000)
  to   space 43008K, 0% used [0x0000000789f80000,0x0000000789f80000,0x000000078c980000)
 ParOldGen       total 175104K, used 56504K [0x00000006c0a00000, 0x00000006cb500000, 0x000000076ae00000)
  object space 175104K, 32% used [0x00000006c0a00000,0x00000006c412e150,0x00000006cb500000)
 Metaspace       used 20844K, capacity 21042K, committed 21248K, reserved 1069056K
  class space    used 2450K, capacity 2518K, committed 2560K, reserved 1048576K
Event: 3.527 GC heap after
Heap after GC invocations=7 (full 0):
 PSYoungGen      total 552448K, used 14249K [0x000000076ae00000, 0x00000007ae300000, 0x00000007c0000000)
  eden space 509440K, 0% used [0x000000076ae00000,0x000000076ae00000,0x0000000789f80000)
  from space 43008K, 33% used [0x0000000789f80000,0x000000078ad6a4f8,0x000000078c980000)
  to   space 41984K, 0% used [0x00000007aba00000,0x00000007aba00000,0x00000007ae300000)
 ParOldGen       total 175104K, used 58068K [0x00000006c0a00000, 0x00000006cb500000, 0x000000076ae00000)
  object space 175104K, 33% used [0x00000006c0a00000,0x00000006c42b52a8,0x00000006cb500000)
 Metaspace       used 20844K, capacity 21042K, committed 21248K, reserved 1069056K
  class space    used 2450K, capacity 2518K, committed 2560K, reserved 1048576K
}
Event: 3.527 GC heap before
{Heap before GC invocations=8 (full 1):
 PSYoungGen      total 552448K, used 14249K [0x000000076ae00000, 0x00000007ae300000, 0x00000007c0000000)
  eden space 509440K, 0% used [0x000000076ae00000,0x000000076ae00000,0x0000000789f80000)
  from space 43008K, 33% used [0x0000000789f80000,0x000000078ad6a4f8,0x000000078c980000)
  to   space 41984K, 0% used [0x00000007aba00000,0x00000007aba00000,0x00000007ae300000)
 ParOldGen       total 175104K, used 58068K [0x00000006c0a00000, 0x00000006cb500000, 0x000000076ae00000)
  object space 175104K, 33% used [0x00000006c0a00000,0x00000006c42b52a8,0x00000006cb500000)
 Metaspace       used 20844K, capacity 21042K, committed 21248K, reserved 1069056K
  class space    used 2450K, capacity 2518K, committed 2560K, reserved 1048576K
Event: 3.551 GC heap after
Heap after GC invocations=8 (full 1):
 PSYoungGen      total 552448K, used 0K [0x000000076ae00000, 0x00000007ae300000, 0x00000007c0000000)
  eden space 509440K, 0% used [0x000000076ae00000,0x000000076ae00000,0x0000000789f80000)
  from space 43008K, 0% used [0x0000000789f80000,0x0000000789f80000,0x000000078c980000)
  to   space 41984K, 0% used [0x00000007aba00000,0x00000007aba00000,0x00000007ae300000)
 ParOldGen       total 115200K, used 15007K [0x00000006c0a00000, 0x00000006c7a80000, 0x000000076ae00000)
  object space 115200K, 13% used [0x00000006c0a00000,0x00000006c18a7d60,0x00000006c7a80000)
 Metaspace       used 20844K, capacity 21042K, committed 21248K, reserved 1069056K
  class space    used 2450K, capacity 2518K, committed 2560K, reserved 1048576K
}

