# JRE version: Java(TM) SE Runtime Environment (8.0_241-b07) (build 1.8.0_241-b07)
# Java VM: Java HotSpot(TM) 64-Bit Server VM (25.241-b07 mixed mode windows-amd64 compressed oops)
Heap:
 PSYoungGen      total 552448K, used 81040K [0x000000076ae00000, 0x00000007ae300000, 0x00000007c0000000)
  eden space 509952K, 15% used [0x000000076ae00000,0x000000076fd240a0,0x000000078a000000)
  from space 42496K, 0% used [0x000000078a000000,0x000000078a000000,0x000000078c980000)
  to   space 41472K, 0% used [0x00000007aba80000,0x00000007aba80000,0x00000007ae300000)
 ParOldGen       total 116224K, used 15781K [0x00000006c0a00000, 0x00000006c7b80000, 0x000000076ae00000)
  object space 116224K, 13% used [0x00000006c0a00000,0x00000006c1969428,0x00000006c7b80000)
 Metaspace       used 21714K, capacity 22034K, committed 22448K, reserved 1069056K
  class space    used 2611K, capacity 2714K, committed 2736K, reserved 1048576K
GC Heap History (10 events):
Event: 1.162 GC heap before
{Heap before GC invocations=4 (full 0):
 PSYoungGen      total 141824K, used 141807K [0x000000076ae00000, 0x000000077c300000, 0x00000007c0000000)
  eden space 131072K, 100% used [0x000000076ae00000,0x0000000772e00000,0x0000000772e00000)
  from space 10752K, 99% used [0x0000000772e00000,0x000000077387bd08,0x0000000773880000)
  to   space 10752K, 0% used [0x000000077b880000,0x000000077b880000,0x000000077c300000)
 ParOldGen       total 175104K, used 13998K [0x00000006c0a00000, 0x00000006cb500000, 0x000000076ae00000)
  object space 175104K, 7% used [0x00000006c0a00000,0x00000006c17aba68,0x00000006cb500000)
 Metaspace       used 8482K, capacity 8584K, committed 8704K, reserved 1056768K
  class space    used 960K, capacity 1008K, committed 1024K, reserved 1048576K
Event: 1.174 GC heap after
Heap after GC invocations=4 (full 0):
 PSYoungGen      total 272896K, used 10728K [0x000000076ae00000, 0x000000077c300000, 0x00000007c0000000)
  eden space 262144K, 0% used [0x000000076ae00000,0x000000076ae00000,0x000000077ae00000)
  from space 10752K, 99% used [0x000000077b880000,0x000000077c2fa398,0x000000077c300000)
  to   space 10752K, 0% used [0x000000077ae00000,0x000000077ae00000,0x000000077b880000)
 ParOldGen       total 175104K, used 28044K [0x00000006c0a00000, 0x00000006cb500000, 0x000000076ae00000)
  object space 175104K, 16% used [0x00000006c0a00000,0x00000006c2563038,0x00000006cb500000)
 Metaspace       used 8482K, capacity 8584K, committed 8704K, reserved 1056768K
  class space    used 960K, capacity 1008K, committed 1024K, reserved 1048576K
}
Event: 1.536 GC heap before
{Heap before GC invocations=5 (full 0):
 PSYoungGen      total 272896K, used 272872K [0x000000076ae00000, 0x000000077c300000, 0x00000007c0000000)
  eden space 262144K, 100% used [0x000000076ae00000,0x000000077ae00000,0x000000077ae00000)
  from space 10752K, 99% used [0x000000077b880000,0x000000077c2fa398,0x000000077c300000)
  to   space 10752K, 0% used [0x000000077ae00000,0x000000077ae00000,0x000000077b880000)
 ParOldGen       total 175104K, used 28044K [0x00000006c0a00000, 0x00000006cb500000, 0x000000076ae00000)
  object space 175104K, 16% used [0x00000006c0a00000,0x00000006c2563038,0x00000006cb500000)
 Metaspace       used 8487K, capacity 8584K, committed 8704K, reserved 1056768K
  class space    used 960K, capacity 1008K, committed 1024K, reserved 1048576K
Event: 1.547 GC heap after
Heap after GC invocations=5 (full 0):
 PSYoungGen      total 272896K, used 10731K [0x000000076ae00000, 0x000000078e500000, 0x00000007c0000000)
  eden space 262144K, 0% used [0x000000076ae00000,0x000000076ae00000,0x000000077ae00000)
  from space 10752K, 99% used [0x000000077ae00000,0x000000077b87acc0,0x000000077b880000)
  to   space 28160K, 0% used [0x000000078c980000,0x000000078c980000,0x000000078e500000)
 ParOldGen       total 175104K, used 37546K [0x00000006c0a00000, 0x00000006cb500000, 0x000000076ae00000)
  object space 175104K, 21% used [0x00000006c0a00000,0x00000006c2eaaa28,0x00000006cb500000)
 Metaspace       used 8487K, capacity 8584K, committed 8704K, reserved 1056768K
  class space    used 960K, capacity 1008K, committed 1024K, reserved 1048576K
}
Event: 1.951 GC heap before
{Heap before GC invocations=6 (full 0):
 PSYoungGen      total 272896K, used 272875K [0x000000076ae00000, 0x000000078e500000, 0x00000007c0000000)
  eden space 262144K, 100% used [0x000000076ae00000,0x000000077ae00000,0x000000077ae00000)
  from space 10752K, 99% used [0x000000077ae00000,0x000000077b87acc0,0x000000077b880000)
  to   space 28160K, 0% used [0x000000078c980000,0x000000078c980000,0x000000078e500000)
 ParOldGen       total 175104K, used 37546K [0x00000006c0a00000, 0x00000006cb500000, 0x000000076ae00000)
  object space 175104K, 21% used [0x00000006c0a00000,0x00000006c2eaaa28,0x00000006cb500000)
 Metaspace       used 8493K, capacity 8584K, committed 8704K, reserved 1056768K
  class space    used 960K, capacity 1008K, committed 1024K, reserved 1048576K
Event: 1.975 GC heap after
Heap after GC invocations=6 (full 0):
 PSYoungGen      total 538112K, used 28133K [0x000000076ae00000, 0x0000000790100000, 0x00000007c0000000)
  eden space 509952K, 0% used [0x000000076ae00000,0x000000076ae00000,0x000000078a000000)
  from space 28160K, 99% used [0x000000078c980000,0x000000078e4f9580,0x000000078e500000)
  to   space 42496K, 0% used [0x000000078a000000,0x000000078a000000,0x000000078c980000)
 ParOldGen       total 175104K, used 56438K [0x00000006c0a00000, 0x00000006cb500000, 0x000000076ae00000)
  object space 175104K, 32% used [0x00000006c0a00000,0x00000006c411da58,0x00000006cb500000)
 Metaspace       used 8493K, capacity 8584K, committed 8704K, reserved 1056768K
  class space    used 960K, capacity 1008K, committed 1024K, reserved 1048576K
}
Event: 3.485 GC heap before
{Heap before GC invocations=7 (full 0):
 PSYoungGen      total 538112K, used 365360K [0x000000076ae00000, 0x0000000790100000, 0x00000007c0000000)
  eden space 509952K, 66% used [0x000000076ae00000,0x000000077f752dd0,0x000000078a000000)
  from space 28160K, 99% used [0x000000078c980000,0x000000078e4f9580,0x000000078e500000)
  to   space 42496K, 0% used [0x000000078a000000,0x000000078a000000,0x000000078c980000)
 ParOldGen       total 175104K, used 56438K [0x00000006c0a00000, 0x00000006cb500000, 0x000000076ae00000)
  object space 175104K, 32% used [0x00000006c0a00000,0x00000006c411da58,0x00000006cb500000)
 Metaspace       used 20806K, capacity 21074K, committed 21296K, reserved 1069056K
  class space    used 2516K, capacity 2586K, committed 2608K, reserved 1048576K
Event: 3.500 GC heap after
Heap after GC invocations=7 (full 0):
 PSYoungGen      total 552448K, used 14897K [0x000000076ae00000, 0x00000007ae300000, 0x00000007c0000000)
  eden space 509952K, 0% used [0x000000076ae00000,0x000000076ae00000,0x000000078a000000)
  from space 42496K, 35% used [0x000000078a000000,0x000000078ae8c470,0x000000078c980000)
  to   space 41472K, 0% used [0x00000007aba80000,0x00000007aba80000,0x00000007ae300000)
 ParOldGen       total 175104K, used 57994K [0x00000006c0a00000, 0x00000006cb500000, 0x000000076ae00000)
  object space 175104K, 33% used [0x00000006c0a00000,0x00000006c42a2808,0x00000006cb500000)
 Metaspace       used 20806K, capacity 21074K, committed 21296K, reserved 1069056K
  class space    used 2516K, capacity 2586K, committed 2608K, reserved 1048576K
}
Event: 3.500 GC heap before
{Heap before GC invocations=8 (full 1):
 PSYoungGen      total 552448K, used 14897K [0x000000076ae00000, 0x00000007ae300000, 0x00000007c0000000)
  eden space 509952K, 0% used [0x000000076ae00000,0x000000076ae00000,0x000000078a000000)
  from space 42496K, 35% used [0x000000078a000000,0x000000078ae8c470,0x000000078c980000)
  to   space 41472K, 0% used [0x00000007aba80000,0x00000007aba80000,0x00000007ae300000)
 ParOldGen       total 175104K, used 57994K [0x00000006c0a00000, 0x00000006cb500000, 0x000000076ae00000)
  object space 175104K, 33% used [0x00000006c0a00000,0x00000006c42a2808,0x00000006cb500000)
 Metaspace       used 20806K, capacity 21074K, committed 21296K, reserved 1069056K
  class space    used 2516K, capacity 2586K, committed 2608K, reserved 1048576K
Event: 3.527 GC heap after
Heap after GC invocations=8 (full 1):
 PSYoungGen      total 552448K, used 0K [0x000000076ae00000, 0x00000007ae300000, 0x00000007c0000000)
  eden space 509952K, 0% used [0x000000076ae00000,0x000000076ae00000,0x000000078a000000)
  from space 42496K, 0% used [0x000000078a000000,0x000000078a000000,0x000000078c980000)
  to   space 41472K, 0% used [0x00000007aba80000,0x00000007aba80000,0x00000007ae300000)
 ParOldGen       total 116224K, used 15781K [0x00000006c0a00000, 0x00000006c7b80000, 0x000000076ae00000)
  object space 116224K, 13% used [0x00000006c0a00000,0x00000006c1969428,0x00000006c7b80000)
 Metaspace       used 20806K, capacity 21074K, committed 21296K, reserved 1069056K
  class space    used 2516K, capacity 2586K, committed 2608K, reserved 1048576K
}

