# JRE version: Java(TM) SE Runtime Environment (8.0_241-b07) (build 1.8.0_241-b07)
# Java VM: Java HotSpot(TM) 64-Bit Server VM (25.241-b07 mixed mode windows-amd64 compressed oops)
Heap:
 PSYoungGen      total 552448K, used 173520K [0x000000076ae00000, 0x00000007ae300000, 0x00000007c0000000)
  eden space 509440K, 34% used [0x000000076ae00000,0x0000000775774040,0x0000000789f80000)
  from space 43008K, 0% used [0x0000000789f80000,0x0000000789f80000,0x000000078c980000)
  to   space 41984K, 0% used [0x00000007aba00000,0x00000007aba00000,0x00000007ae300000)
 ParOldGen       total 113664K, used 15176K [0x00000006c0a00000, 0x00000006c7900000, 0x000000076ae00000)
  object space 113664K, 13% used [0x00000006c0a00000,0x00000006c18d22f0,0x00000006c7900000)
 Metaspace       used 31802K, capacity 32114K, committed 32512K, reserved 1077248K
  class space    used 3962K, capacity 4042K, committed 4096K, reserved 1048576K
GC Heap History (10 events):
Event: 1.170 GC heap before
{Heap before GC invocations=4 (full 0):
 PSYoungGen      total 141824K, used 141820K [0x000000076ae00000, 0x000000077c300000, 0x00000007c0000000)
  eden space 131072K, 100% used [0x000000076ae00000,0x0000000772e00000,0x0000000772e00000)
  from space 10752K, 99% used [0x0000000772e00000,0x000000077387f150,0x0000000773880000)
  to   space 10752K, 0% used [0x000000077b880000,0x000000077b880000,0x000000077c300000)
 ParOldGen       total 175104K, used 13789K [0x00000006c0a00000, 0x00000006cb500000, 0x000000076ae00000)
  object space 175104K, 7% used [0x00000006c0a00000,0x00000006c1777600,0x00000006cb500000)
 Metaspace       used 8475K, capacity 8584K, committed 8704K, reserved 1056768K
  class space    used 960K, capacity 1008K, committed 1024K, reserved 1048576K
Event: 1.181 GC heap after
Heap after GC invocations=4 (full 0):
 PSYoungGen      total 272896K, used 10740K [0x000000076ae00000, 0x000000077c300000, 0x00000007c0000000)
  eden space 262144K, 0% used [0x000000076ae00000,0x000000076ae00000,0x000000077ae00000)
  from space 10752K, 99% used [0x000000077b880000,0x000000077c2fd108,0x000000077c300000)
  to   space 10752K, 0% used [0x000000077ae00000,0x000000077ae00000,0x000000077b880000)
 ParOldGen       total 175104K, used 27279K [0x00000006c0a00000, 0x00000006cb500000, 0x000000076ae00000)
  object space 175104K, 15% used [0x00000006c0a00000,0x00000006c24a3d18,0x00000006cb500000)
 Metaspace       used 8475K, capacity 8584K, committed 8704K, reserved 1056768K
  class space    used 960K, capacity 1008K, committed 1024K, reserved 1048576K
}
Event: 1.535 GC heap before
{Heap before GC invocations=5 (full 0):
 PSYoungGen      total 272896K, used 272884K [0x000000076ae00000, 0x000000077c300000, 0x00000007c0000000)
  eden space 262144K, 100% used [0x000000076ae00000,0x000000077ae00000,0x000000077ae00000)
  from space 10752K, 99% used [0x000000077b880000,0x000000077c2fd108,0x000000077c300000)
  to   space 10752K, 0% used [0x000000077ae00000,0x000000077ae00000,0x000000077b880000)
 ParOldGen       total 175104K, used 27279K [0x00000006c0a00000, 0x00000006cb500000, 0x000000076ae00000)
  object space 175104K, 15% used [0x00000006c0a00000,0x00000006c24a3d18,0x00000006cb500000)
 Metaspace       used 8481K, capacity 8584K, committed 8704K, reserved 1056768K
  class space    used 960K, capacity 1008K, committed 1024K, reserved 1048576K
Event: 1.546 GC heap after
Heap after GC invocations=5 (full 0):
 PSYoungGen      total 272896K, used 10747K [0x000000076ae00000, 0x000000078e500000, 0x00000007c0000000)
  eden space 262144K, 0% used [0x000000076ae00000,0x000000076ae00000,0x000000077ae00000)
  from space 10752K, 99% used [0x000000077ae00000,0x000000077b87eeb0,0x000000077b880000)
  to   space 28160K, 0% used [0x000000078c980000,0x000000078c980000,0x000000078e500000)
 ParOldGen       total 175104K, used 37205K [0x00000006c0a00000, 0x00000006cb500000, 0x000000076ae00000)
  object space 175104K, 21% used [0x00000006c0a00000,0x00000006c2e556a0,0x00000006cb500000)
 Metaspace       used 8481K, capacity 8584K, committed 8704K, reserved 1056768K
  class space    used 960K, capacity 1008K, committed 1024K, reserved 1048576K
}
Event: 1.953 GC heap before
{Heap before GC invocations=6 (full 0):
 PSYoungGen      total 272896K, used 272891K [0x000000076ae00000, 0x000000078e500000, 0x00000007c0000000)
  eden space 262144K, 100% used [0x000000076ae00000,0x000000077ae00000,0x000000077ae00000)
  from space 10752K, 99% used [0x000000077ae00000,0x000000077b87eeb0,0x000000077b880000)
  to   space 28160K, 0% used [0x000000078c980000,0x000000078c980000,0x000000078e500000)
 ParOldGen       total 175104K, used 37205K [0x00000006c0a00000, 0x00000006cb500000, 0x000000076ae00000)
  object space 175104K, 21% used [0x00000006c0a00000,0x00000006c2e556a0,0x00000006cb500000)
 Metaspace       used 8486K, capacity 8584K, committed 8704K, reserved 1056768K
  class space    used 960K, capacity 1008K, committed 1024K, reserved 1048576K
Event: 1.976 GC heap after
Heap after GC invocations=6 (full 0):
 PSYoungGen      total 537600K, used 28130K [0x000000076ae00000, 0x0000000790200000, 0x00000007c0000000)
  eden space 509440K, 0% used [0x000000076ae00000,0x000000076ae00000,0x0000000789f80000)
  from space 28160K, 99% used [0x000000078c980000,0x000000078e4f8900,0x000000078e500000)
  to   space 43008K, 0% used [0x0000000789f80000,0x0000000789f80000,0x000000078c980000)
 ParOldGen       total 175104K, used 56182K [0x00000006c0a00000, 0x00000006cb500000, 0x000000076ae00000)
  object space 175104K, 32% used [0x00000006c0a00000,0x00000006c40ddb40,0x00000006cb500000)
 Metaspace       used 8486K, capacity 8584K, committed 8704K, reserved 1056768K
  class space    used 960K, capacity 1008K, committed 1024K, reserved 1048576K
}
Event: 3.304 GC heap before
{Heap before GC invocations=7 (full 0):
 PSYoungGen      total 537600K, used 293564K [0x000000076ae00000, 0x0000000790200000, 0x00000007c0000000)
  eden space 509440K, 52% used [0x000000076ae00000,0x000000077b136a90,0x0000000789f80000)
  from space 28160K, 99% used [0x000000078c980000,0x000000078e4f8900,0x000000078e500000)
  to   space 43008K, 0% used [0x0000000789f80000,0x0000000789f80000,0x000000078c980000)
 ParOldGen       total 175104K, used 56182K [0x00000006c0a00000, 0x00000006cb500000, 0x000000076ae00000)
  object space 175104K, 32% used [0x00000006c0a00000,0x00000006c40ddb40,0x00000006cb500000)
 Metaspace       used 20832K, capacity 21042K, committed 21248K, reserved 1069056K
  class space    used 2454K, capacity 2518K, committed 2560K, reserved 1048576K
Event: 3.314 GC heap after
Heap after GC invocations=7 (full 0):
 PSYoungGen      total 552448K, used 14449K [0x000000076ae00000, 0x00000007ae300000, 0x00000007c0000000)
  eden space 509440K, 0% used [0x000000076ae00000,0x000000076ae00000,0x0000000789f80000)
  from space 43008K, 33% used [0x0000000789f80000,0x000000078ad9c5c8,0x000000078c980000)
  to   space 41984K, 0% used [0x00000007aba00000,0x00000007aba00000,0x00000007ae300000)
 ParOldGen       total 175104K, used 57746K [0x00000006c0a00000, 0x00000006cb500000, 0x000000076ae00000)
  object space 175104K, 32% used [0x00000006c0a00000,0x00000006c42648f0,0x00000006cb500000)
 Metaspace       used 20832K, capacity 21042K, committed 21248K, reserved 1069056K
  class space    used 2454K, capacity 2518K, committed 2560K, reserved 1048576K
}
Event: 3.314 GC heap before
{Heap before GC invocations=8 (full 1):
 PSYoungGen      total 552448K, used 14449K [0x000000076ae00000, 0x00000007ae300000, 0x00000007c0000000)
  eden space 509440K, 0% used [0x000000076ae00000,0x000000076ae00000,0x0000000789f80000)
  from space 43008K, 33% used [0x0000000789f80000,0x000000078ad9c5c8,0x000000078c980000)
  to   space 41984K, 0% used [0x00000007aba00000,0x00000007aba00000,0x00000007ae300000)
 ParOldGen       total 175104K, used 57746K [0x00000006c0a00000, 0x00000006cb500000, 0x000000076ae00000)
  object space 175104K, 32% used [0x00000006c0a00000,0x00000006c42648f0,0x00000006cb500000)
 Metaspace       used 20832K, capacity 21042K, committed 21248K, reserved 1069056K
  class space    used 2454K, capacity 2518K, committed 2560K, reserved 1048576K
Event: 3.334 GC heap after
Heap after GC invocations=8 (full 1):
 PSYoungGen      total 552448K, used 0K [0x000000076ae00000, 0x00000007ae300000, 0x00000007c0000000)
  eden space 509440K, 0% used [0x000000076ae00000,0x000000076ae00000,0x0000000789f80000)
  from space 43008K, 0% used [0x0000000789f80000,0x0000000789f80000,0x000000078c980000)
  to   space 41984K, 0% used [0x00000007aba00000,0x00000007aba00000,0x00000007ae300000)
 ParOldGen       total 113664K, used 15176K [0x00000006c0a00000, 0x00000006c7900000, 0x000000076ae00000)
  object space 113664K, 13% used [0x00000006c0a00000,0x00000006c18d22f0,0x00000006c7900000)
 Metaspace       used 20832K, capacity 21042K, committed 21248K, reserved 1069056K
  class space    used 2454K, capacity 2518K, committed 2560K, reserved 1048576K
}

