# JRE version: Java(TM) SE Runtime Environment (8.0_241-b07) (build 1.8.0_241-b07)
# Java VM: Java HotSpot(TM) 64-Bit Server VM (25.241-b07 mixed mode windows-amd64 compressed oops)
Heap:
 PSYoungGen      total 551936K, used 201205K [0x000000076ae00000, 0x00000007ae000000, 0x00000007c0000000)
  eden space 509440K, 39% used [0x000000076ae00000,0x000000077727d4f8,0x0000000789f80000)
  from space 42496K, 0% used [0x0000000789f80000,0x0000000789f80000,0x000000078c900000)
  to   space 40448K, 0% used [0x00000007ab880000,0x00000007ab880000,0x00000007ae000000)
 ParOldGen       total 124416K, used 21415K [0x00000006c0a00000, 0x00000006c8380000, 0x000000076ae00000)
  object space 124416K, 17% used [0x00000006c0a00000,0x00000006c1ee9e20,0x00000006c8380000)
 Metaspace       used 32718K, capacity 32958K, committed 33280K, reserved 1079296K
  class space    used 3966K, capacity 4042K, committed 4096K, reserved 1048576K
GC Heap History (10 events):
Event: 1.163 GC heap before
{Heap before GC invocations=4 (full 0):
 PSYoungGen      total 141824K, used 141799K [0x000000076ae00000, 0x000000077c300000, 0x00000007c0000000)
  eden space 131072K, 100% used [0x000000076ae00000,0x0000000772e00000,0x0000000772e00000)
  from space 10752K, 99% used [0x0000000772e00000,0x0000000773879c38,0x0000000773880000)
  to   space 10752K, 0% used [0x000000077b880000,0x000000077b880000,0x000000077c300000)
 ParOldGen       total 175104K, used 13876K [0x00000006c0a00000, 0x00000006cb500000, 0x000000076ae00000)
  object space 175104K, 7% used [0x00000006c0a00000,0x00000006c178d278,0x00000006cb500000)
 Metaspace       used 8478K, capacity 8584K, committed 8704K, reserved 1056768K
  class space    used 960K, capacity 1008K, committed 1024K, reserved 1048576K
Event: 1.175 GC heap after
Heap after GC invocations=4 (full 0):
 PSYoungGen      total 272896K, used 10734K [0x000000076ae00000, 0x000000077c300000, 0x00000007c0000000)
  eden space 262144K, 0% used [0x000000076ae00000,0x000000076ae00000,0x000000077ae00000)
  from space 10752K, 99% used [0x000000077b880000,0x000000077c2fbbc0,0x000000077c300000)
  to   space 10752K, 0% used [0x000000077ae00000,0x000000077ae00000,0x000000077b880000)
 ParOldGen       total 175104K, used 27819K [0x00000006c0a00000, 0x00000006cb500000, 0x000000076ae00000)
  object space 175104K, 15% used [0x00000006c0a00000,0x00000006c252adf8,0x00000006cb500000)
 Metaspace       used 8478K, capacity 8584K, committed 8704K, reserved 1056768K
  class space    used 960K, capacity 1008K, committed 1024K, reserved 1048576K
}
Event: 1.533 GC heap before
{Heap before GC invocations=5 (full 0):
 PSYoungGen      total 272896K, used 272878K [0x000000076ae00000, 0x000000077c300000, 0x00000007c0000000)
  eden space 262144K, 100% used [0x000000076ae00000,0x000000077ae00000,0x000000077ae00000)
  from space 10752K, 99% used [0x000000077b880000,0x000000077c2fbbc0,0x000000077c300000)
  to   space 10752K, 0% used [0x000000077ae00000,0x000000077ae00000,0x000000077b880000)
 ParOldGen       total 175104K, used 27819K [0x00000006c0a00000, 0x00000006cb500000, 0x000000076ae00000)
  object space 175104K, 15% used [0x00000006c0a00000,0x00000006c252adf8,0x00000006cb500000)
 Metaspace       used 8483K, capacity 8584K, committed 8704K, reserved 1056768K
  class space    used 960K, capacity 1008K, committed 1024K, reserved 1048576K
Event: 1.544 GC heap after
Heap after GC invocations=5 (full 0):
 PSYoungGen      total 272896K, used 10742K [0x000000076ae00000, 0x000000078e400000, 0x00000007c0000000)
  eden space 262144K, 0% used [0x000000076ae00000,0x000000076ae00000,0x000000077ae00000)
  from space 10752K, 99% used [0x000000077ae00000,0x000000077b87d800,0x000000077b880000)
  to   space 27648K, 0% used [0x000000078c900000,0x000000078c900000,0x000000078e400000)
 ParOldGen       total 175104K, used 37166K [0x00000006c0a00000, 0x00000006cb500000, 0x000000076ae00000)
  object space 175104K, 21% used [0x00000006c0a00000,0x00000006c2e4ba98,0x00000006cb500000)
 Metaspace       used 8483K, capacity 8584K, committed 8704K, reserved 1056768K
  class space    used 960K, capacity 1008K, committed 1024K, reserved 1048576K
}
Event: 1.947 GC heap before
{Heap before GC invocations=6 (full 0):
 PSYoungGen      total 272896K, used 272886K [0x000000076ae00000, 0x000000078e400000, 0x00000007c0000000)
  eden space 262144K, 100% used [0x000000076ae00000,0x000000077ae00000,0x000000077ae00000)
  from space 10752K, 99% used [0x000000077ae00000,0x000000077b87d800,0x000000077b880000)
  to   space 27648K, 0% used [0x000000078c900000,0x000000078c900000,0x000000078e400000)
 ParOldGen       total 175104K, used 37166K [0x00000006c0a00000, 0x00000006cb500000, 0x000000076ae00000)
  object space 175104K, 21% used [0x00000006c0a00000,0x00000006c2e4ba98,0x00000006cb500000)
 Metaspace       used 8488K, capacity 8584K, committed 8704K, reserved 1056768K
  class space    used 960K, capacity 1008K, committed 1024K, reserved 1048576K
Event: 1.970 GC heap after
Heap after GC invocations=6 (full 0):
 PSYoungGen      total 537088K, used 27628K [0x000000076ae00000, 0x0000000790100000, 0x00000007c0000000)
  eden space 509440K, 0% used [0x000000076ae00000,0x000000076ae00000,0x0000000789f80000)
  from space 27648K, 99% used [0x000000078c900000,0x000000078e3fb050,0x000000078e400000)
  to   space 42496K, 0% used [0x0000000789f80000,0x0000000789f80000,0x000000078c900000)
 ParOldGen       total 175104K, used 56651K [0x00000006c0a00000, 0x00000006cb500000, 0x000000076ae00000)
  object space 175104K, 32% used [0x00000006c0a00000,0x00000006c4152c68,0x00000006cb500000)
 Metaspace       used 8488K, capacity 8584K, committed 8704K, reserved 1056768K
  class space    used 960K, capacity 1008K, committed 1024K, reserved 1048576K
}
Event: 3.776 GC heap before
{Heap before GC invocations=7 (full 0):
 PSYoungGen      total 537088K, used 354156K [0x000000076ae00000, 0x0000000790100000, 0x00000007c0000000)
  eden space 509440K, 64% used [0x000000076ae00000,0x000000077ece02f0,0x0000000789f80000)
  from space 27648K, 99% used [0x000000078c900000,0x000000078e3fb050,0x000000078e400000)
  to   space 42496K, 0% used [0x0000000789f80000,0x0000000789f80000,0x000000078c900000)
 ParOldGen       total 175104K, used 56651K [0x00000006c0a00000, 0x00000006cb500000, 0x000000076ae00000)
  object space 175104K, 32% used [0x00000006c0a00000,0x00000006c4152c68,0x00000006cb500000)
 Metaspace       used 20849K, capacity 21080K, committed 21296K, reserved 1069056K
  class space    used 2331K, capacity 2421K, committed 2432K, reserved 1048576K
Event: 3.790 GC heap after
Heap after GC invocations=7 (full 0):
 PSYoungGen      total 551936K, used 20677K [0x000000076ae00000, 0x00000007ae000000, 0x00000007c0000000)
  eden space 509440K, 0% used [0x000000076ae00000,0x000000076ae00000,0x0000000789f80000)
  from space 42496K, 48% used [0x0000000789f80000,0x000000078b3b15f0,0x000000078c900000)
  to   space 40448K, 0% used [0x00000007ab880000,0x00000007ab880000,0x00000007ae000000)
 ParOldGen       total 175104K, used 58222K [0x00000006c0a00000, 0x00000006cb500000, 0x000000076ae00000)
  object space 175104K, 33% used [0x00000006c0a00000,0x00000006c42dba18,0x00000006cb500000)
 Metaspace       used 20849K, capacity 21080K, committed 21296K, reserved 1069056K
  class space    used 2331K, capacity 2421K, committed 2432K, reserved 1048576K
}
Event: 3.790 GC heap before
{Heap before GC invocations=8 (full 1):
 PSYoungGen      total 551936K, used 20677K [0x000000076ae00000, 0x00000007ae000000, 0x00000007c0000000)
  eden space 509440K, 0% used [0x000000076ae00000,0x000000076ae00000,0x0000000789f80000)
  from space 42496K, 48% used [0x0000000789f80000,0x000000078b3b15f0,0x000000078c900000)
  to   space 40448K, 0% used [0x00000007ab880000,0x00000007ab880000,0x00000007ae000000)
 ParOldGen       total 175104K, used 58222K [0x00000006c0a00000, 0x00000006cb500000, 0x000000076ae00000)
  object space 175104K, 33% used [0x00000006c0a00000,0x00000006c42dba18,0x00000006cb500000)
 Metaspace       used 20849K, capacity 21080K, committed 21296K, reserved 1069056K
  class space    used 2331K, capacity 2421K, committed 2432K, reserved 1048576K
Event: 3.826 GC heap after
Heap after GC invocations=8 (full 1):
 PSYoungGen      total 551936K, used 0K [0x000000076ae00000, 0x00000007ae000000, 0x00000007c0000000)
  eden space 509440K, 0% used [0x000000076ae00000,0x000000076ae00000,0x0000000789f80000)
  from space 42496K, 0% used [0x0000000789f80000,0x0000000789f80000,0x000000078c900000)
  to   space 40448K, 0% used [0x00000007ab880000,0x00000007ab880000,0x00000007ae000000)
 ParOldGen       total 124416K, used 21415K [0x00000006c0a00000, 0x00000006c8380000, 0x000000076ae00000)
  object space 124416K, 17% used [0x00000006c0a00000,0x00000006c1ee9e20,0x00000006c8380000)
 Metaspace       used 20849K, capacity 21080K, committed 21296K, reserved 1069056K
  class space    used 2331K, capacity 2421K, committed 2432K, reserved 1048576K
}

