# JRE version: Java(TM) SE Runtime Environment (8.0_241-b07) (build 1.8.0_241-b07)
# Java VM: Java HotSpot(TM) 64-Bit Server VM (25.241-b07 mixed mode windows-amd64 compressed oops)
Heap:
 PSYoungGen      total 552448K, used 182920K [0x000000076ae00000, 0x00000007ae300000, 0x00000007c0000000)
  eden space 509440K, 35% used [0x000000076ae00000,0x00000007760a23f8,0x0000000789f80000)
  from space 43008K, 0% used [0x0000000789f80000,0x0000000789f80000,0x000000078c980000)
  to   space 41984K, 0% used [0x00000007aba00000,0x00000007aba00000,0x00000007ae300000)
 ParOldGen       total 112128K, used 14815K [0x00000006c0a00000, 0x00000006c7780000, 0x000000076ae00000)
  object space 112128K, 13% used [0x00000006c0a00000,0x00000006c1877c08,0x00000006c7780000)
 Metaspace       used 31795K, capacity 32050K, committed 32512K, reserved 1077248K
  class space    used 3962K, capacity 4042K, committed 4096K, reserved 1048576K
GC Heap History (10 events):
Event: 1.159 GC heap before
{Heap before GC invocations=4 (full 0):
 PSYoungGen      total 141824K, used 141818K [0x000000076ae00000, 0x000000077c300000, 0x00000007c0000000)
  eden space 131072K, 100% used [0x000000076ae00000,0x0000000772e00000,0x0000000772e00000)
  from space 10752K, 99% used [0x0000000772e00000,0x000000077387eb30,0x0000000773880000)
  to   space 10752K, 0% used [0x000000077b880000,0x000000077b880000,0x000000077c300000)
 ParOldGen       total 175104K, used 14113K [0x00000006c0a00000, 0x00000006cb500000, 0x000000076ae00000)
  object space 175104K, 8% used [0x00000006c0a00000,0x00000006c17c8750,0x00000006cb500000)
 Metaspace       used 8486K, capacity 8584K, committed 8704K, reserved 1056768K
  class space    used 960K, capacity 1008K, committed 1024K, reserved 1048576K
Event: 1.171 GC heap after
Heap after GC invocations=4 (full 0):
 PSYoungGen      total 272896K, used 10751K [0x000000076ae00000, 0x000000077c300000, 0x00000007c0000000)
  eden space 262144K, 0% used [0x000000076ae00000,0x000000076ae00000,0x000000077ae00000)
  from space 10752K, 99% used [0x000000077b880000,0x000000077c2ffc40,0x000000077c300000)
  to   space 10752K, 0% used [0x000000077ae00000,0x000000077ae00000,0x000000077b880000)
 ParOldGen       total 175104K, used 28189K [0x00000006c0a00000, 0x00000006cb500000, 0x000000076ae00000)
  object space 175104K, 16% used [0x00000006c0a00000,0x00000006c25874f8,0x00000006cb500000)
 Metaspace       used 8486K, capacity 8584K, committed 8704K, reserved 1056768K
  class space    used 960K, capacity 1008K, committed 1024K, reserved 1048576K
}
Event: 1.563 GC heap before
{Heap before GC invocations=5 (full 0):
 PSYoungGen      total 272896K, used 272895K [0x000000076ae00000, 0x000000077c300000, 0x00000007c0000000)
  eden space 262144K, 100% used [0x000000076ae00000,0x000000077ae00000,0x000000077ae00000)
  from space 10752K, 99% used [0x000000077b880000,0x000000077c2ffc40,0x000000077c300000)
  to   space 10752K, 0% used [0x000000077ae00000,0x000000077ae00000,0x000000077b880000)
 ParOldGen       total 175104K, used 28189K [0x00000006c0a00000, 0x00000006cb500000, 0x000000076ae00000)
  object space 175104K, 16% used [0x00000006c0a00000,0x00000006c25874f8,0x00000006cb500000)
 Metaspace       used 8492K, capacity 8584K, committed 8704K, reserved 1056768K
  class space    used 960K, capacity 1008K, committed 1024K, reserved 1048576K
Event: 1.575 GC heap after
Heap after GC invocations=5 (full 0):
 PSYoungGen      total 272896K, used 10741K [0x000000076ae00000, 0x000000078e500000, 0x00000007c0000000)
  eden space 262144K, 0% used [0x000000076ae00000,0x000000076ae00000,0x000000077ae00000)
  from space 10752K, 99% used [0x000000077ae00000,0x000000077b87d720,0x000000077b880000)
  to   space 28160K, 0% used [0x000000078c980000,0x000000078c980000,0x000000078e500000)
 ParOldGen       total 175104K, used 37753K [0x00000006c0a00000, 0x00000006cb500000, 0x000000076ae00000)
  object space 175104K, 21% used [0x00000006c0a00000,0x00000006c2ede4a0,0x00000006cb500000)
 Metaspace       used 8492K, capacity 8584K, committed 8704K, reserved 1056768K
  class space    used 960K, capacity 1008K, committed 1024K, reserved 1048576K
}
Event: 1.988 GC heap before
{Heap before GC invocations=6 (full 0):
 PSYoungGen      total 272896K, used 272885K [0x000000076ae00000, 0x000000078e500000, 0x00000007c0000000)
  eden space 262144K, 100% used [0x000000076ae00000,0x000000077ae00000,0x000000077ae00000)
  from space 10752K, 99% used [0x000000077ae00000,0x000000077b87d720,0x000000077b880000)
  to   space 28160K, 0% used [0x000000078c980000,0x000000078c980000,0x000000078e500000)
 ParOldGen       total 175104K, used 37753K [0x00000006c0a00000, 0x00000006cb500000, 0x000000076ae00000)
  object space 175104K, 21% used [0x00000006c0a00000,0x00000006c2ede4a0,0x00000006cb500000)
 Metaspace       used 8497K, capacity 8584K, committed 8704K, reserved 1056768K
  class space    used 960K, capacity 1008K, committed 1024K, reserved 1048576K
Event: 2.015 GC heap after
Heap after GC invocations=6 (full 0):
 PSYoungGen      total 537600K, used 28149K [0x000000076ae00000, 0x0000000790200000, 0x00000007c0000000)
  eden space 509440K, 0% used [0x000000076ae00000,0x000000076ae00000,0x0000000789f80000)
  from space 28160K, 99% used [0x000000078c980000,0x000000078e4fd780,0x000000078e500000)
  to   space 43008K, 0% used [0x0000000789f80000,0x0000000789f80000,0x000000078c980000)
 ParOldGen       total 175104K, used 56702K [0x00000006c0a00000, 0x00000006cb500000, 0x000000076ae00000)
  object space 175104K, 32% used [0x00000006c0a00000,0x00000006c415fa60,0x00000006cb500000)
 Metaspace       used 8497K, capacity 8584K, committed 8704K, reserved 1056768K
  class space    used 960K, capacity 1008K, committed 1024K, reserved 1048576K
}
Event: 3.535 GC heap before
{Heap before GC invocations=7 (full 0):
 PSYoungGen      total 537600K, used 293589K [0x000000076ae00000, 0x0000000790200000, 0x00000007c0000000)
  eden space 509440K, 52% used [0x000000076ae00000,0x000000077b137cc0,0x0000000789f80000)
  from space 28160K, 99% used [0x000000078c980000,0x000000078e4fd780,0x000000078e500000)
  to   space 43008K, 0% used [0x0000000789f80000,0x0000000789f80000,0x000000078c980000)
 ParOldGen       total 175104K, used 56702K [0x00000006c0a00000, 0x00000006cb500000, 0x000000076ae00000)
  object space 175104K, 32% used [0x00000006c0a00000,0x00000006c415fa60,0x00000006cb500000)
 Metaspace       used 20816K, capacity 21042K, committed 21248K, reserved 1069056K
  class space    used 2443K, capacity 2518K, committed 2560K, reserved 1048576K
Event: 3.546 GC heap after
Heap after GC invocations=7 (full 0):
 PSYoungGen      total 552448K, used 14011K [0x000000076ae00000, 0x00000007ae300000, 0x00000007c0000000)
  eden space 509440K, 0% used [0x000000076ae00000,0x000000076ae00000,0x0000000789f80000)
  from space 43008K, 32% used [0x0000000789f80000,0x000000078ad2ed58,0x000000078c980000)
  to   space 41984K, 0% used [0x00000007aba00000,0x00000007aba00000,0x00000007ae300000)
 ParOldGen       total 175104K, used 58266K [0x00000006c0a00000, 0x00000006cb500000, 0x000000076ae00000)
  object space 175104K, 33% used [0x00000006c0a00000,0x00000006c42e6810,0x00000006cb500000)
 Metaspace       used 20816K, capacity 21042K, committed 21248K, reserved 1069056K
  class space    used 2443K, capacity 2518K, committed 2560K, reserved 1048576K
}
Event: 3.546 GC heap before
{Heap before GC invocations=8 (full 1):
 PSYoungGen      total 552448K, used 14011K [0x000000076ae00000, 0x00000007ae300000, 0x00000007c0000000)
  eden space 509440K, 0% used [0x000000076ae00000,0x000000076ae00000,0x0000000789f80000)
  from space 43008K, 32% used [0x0000000789f80000,0x000000078ad2ed58,0x000000078c980000)
  to   space 41984K, 0% used [0x00000007aba00000,0x00000007aba00000,0x00000007ae300000)
 ParOldGen       total 175104K, used 58266K [0x00000006c0a00000, 0x00000006cb500000, 0x000000076ae00000)
  object space 175104K, 33% used [0x00000006c0a00000,0x00000006c42e6810,0x00000006cb500000)
 Metaspace       used 20816K, capacity 21042K, committed 21248K, reserved 1069056K
  class space    used 2443K, capacity 2518K, committed 2560K, reserved 1048576K
Event: 3.565 GC heap after
Heap after GC invocations=8 (full 1):
 PSYoungGen      total 552448K, used 0K [0x000000076ae00000, 0x00000007ae300000, 0x00000007c0000000)
  eden space 509440K, 0% used [0x000000076ae00000,0x000000076ae00000,0x0000000789f80000)
  from space 43008K, 0% used [0x0000000789f80000,0x0000000789f80000,0x000000078c980000)
  to   space 41984K, 0% used [0x00000007aba00000,0x00000007aba00000,0x00000007ae300000)
 ParOldGen       total 112128K, used 14815K [0x00000006c0a00000, 0x00000006c7780000, 0x000000076ae00000)
  object space 112128K, 13% used [0x00000006c0a00000,0x00000006c1877c08,0x00000006c7780000)
 Metaspace       used 20816K, capacity 21042K, committed 21248K, reserved 1069056K
  class space    used 2443K, capacity 2518K, committed 2560K, reserved 1048576K
}

