# JRE version: Java(TM) SE Runtime Environment (8.0_241-b07) (build 1.8.0_241-b07)
# Java VM: Java HotSpot(TM) 64-Bit Server VM (25.241-b07 mixed mode windows-amd64 compressed oops)
Heap:
 PSYoungGen      total 551936K, used 83529K [0x000000076ae00000, 0x00000007ae300000, 0x00000007c0000000)
  eden space 509440K, 16% used [0x000000076ae00000,0x000000076ff92798,0x0000000789f80000)
  from space 42496K, 0% used [0x0000000789f80000,0x0000000789f80000,0x000000078c900000)
  to   space 41984K, 0% used [0x00000007aba00000,0x00000007aba00000,0x00000007ae300000)
 ParOldGen       total 114176K, used 15090K [0x00000006c0a00000, 0x00000006c7980000, 0x000000076ae00000)
  object space 114176K, 13% used [0x00000006c0a00000,0x00000006c18bcac8,0x00000006c7980000)
 Metaspace       used 21569K, capacity 21842K, committed 22192K, reserved 1069056K
  class space    used 2609K, capacity 2714K, committed 2816K, reserved 1048576K
GC Heap History (10 events):
Event: 1.100 GC heap before
{Heap before GC invocations=4 (full 0):
 PSYoungGen      total 141824K, used 141802K [0x000000076ae00000, 0x000000077c300000, 0x00000007c0000000)
  eden space 131072K, 100% used [0x000000076ae00000,0x0000000772e00000,0x0000000772e00000)
  from space 10752K, 99% used [0x0000000772e00000,0x000000077387ab08,0x0000000773880000)
  to   space 10752K, 0% used [0x000000077b880000,0x000000077b880000,0x000000077c300000)
 ParOldGen       total 175104K, used 13949K [0x00000006c0a00000, 0x00000006cb500000, 0x000000076ae00000)
  object space 175104K, 7% used [0x00000006c0a00000,0x00000006c179f590,0x00000006cb500000)
 Metaspace       used 8483K, capacity 8584K, committed 8704K, reserved 1056768K
  class space    used 960K, capacity 1008K, committed 1024K, reserved 1048576K
Event: 1.112 GC heap after
Heap after GC invocations=4 (full 0):
 PSYoungGen      total 272896K, used 10747K [0x000000076ae00000, 0x000000077c300000, 0x00000007c0000000)
  eden space 262144K, 0% used [0x000000076ae00000,0x000000076ae00000,0x000000077ae00000)
  from space 10752K, 99% used [0x000000077b880000,0x000000077c2fec78,0x000000077c300000)
  to   space 10752K, 0% used [0x000000077ae00000,0x000000077ae00000,0x000000077b880000)
 ParOldGen       total 175104K, used 27816K [0x00000006c0a00000, 0x00000006cb500000, 0x000000076ae00000)
  object space 175104K, 15% used [0x00000006c0a00000,0x00000006c252a288,0x00000006cb500000)
 Metaspace       used 8483K, capacity 8584K, committed 8704K, reserved 1056768K
  class space    used 960K, capacity 1008K, committed 1024K, reserved 1048576K
}
Event: 1.471 GC heap before
{Heap before GC invocations=5 (full 0):
 PSYoungGen      total 272896K, used 272891K [0x000000076ae00000, 0x000000077c300000, 0x00000007c0000000)
  eden space 262144K, 100% used [0x000000076ae00000,0x000000077ae00000,0x000000077ae00000)
  from space 10752K, 99% used [0x000000077b880000,0x000000077c2fec78,0x000000077c300000)
  to   space 10752K, 0% used [0x000000077ae00000,0x000000077ae00000,0x000000077b880000)
 ParOldGen       total 175104K, used 27816K [0x00000006c0a00000, 0x00000006cb500000, 0x000000076ae00000)
  object space 175104K, 15% used [0x00000006c0a00000,0x00000006c252a288,0x00000006cb500000)
 Metaspace       used 8488K, capacity 8584K, committed 8704K, reserved 1056768K
  class space    used 960K, capacity 1008K, committed 1024K, reserved 1048576K
Event: 1.483 GC heap after
Heap after GC invocations=5 (full 0):
 PSYoungGen      total 272896K, used 10734K [0x000000076ae00000, 0x000000078e400000, 0x00000007c0000000)
  eden space 262144K, 0% used [0x000000076ae00000,0x000000076ae00000,0x000000077ae00000)
  from space 10752K, 99% used [0x000000077ae00000,0x000000077b87bb18,0x000000077b880000)
  to   space 27648K, 0% used [0x000000078c900000,0x000000078c900000,0x000000078e400000)
 ParOldGen       total 175104K, used 37226K [0x00000006c0a00000, 0x00000006cb500000, 0x000000076ae00000)
  object space 175104K, 21% used [0x00000006c0a00000,0x00000006c2e5a9a8,0x00000006cb500000)
 Metaspace       used 8488K, capacity 8584K, committed 8704K, reserved 1056768K
  class space    used 960K, capacity 1008K, committed 1024K, reserved 1048576K
}
Event: 1.879 GC heap before
{Heap before GC invocations=6 (full 0):
 PSYoungGen      total 272896K, used 272878K [0x000000076ae00000, 0x000000078e400000, 0x00000007c0000000)
  eden space 262144K, 100% used [0x000000076ae00000,0x000000077ae00000,0x000000077ae00000)
  from space 10752K, 99% used [0x000000077ae00000,0x000000077b87bb18,0x000000077b880000)
  to   space 27648K, 0% used [0x000000078c900000,0x000000078c900000,0x000000078e400000)
 ParOldGen       total 175104K, used 37226K [0x00000006c0a00000, 0x00000006cb500000, 0x000000076ae00000)
  object space 175104K, 21% used [0x00000006c0a00000,0x00000006c2e5a9a8,0x00000006cb500000)
 Metaspace       used 8494K, capacity 8584K, committed 8704K, reserved 1056768K
  class space    used 960K, capacity 1008K, committed 1024K, reserved 1048576K
Event: 1.902 GC heap after
Heap after GC invocations=6 (full 0):
 PSYoungGen      total 537088K, used 27619K [0x000000076ae00000, 0x0000000790100000, 0x00000007c0000000)
  eden space 509440K, 0% used [0x000000076ae00000,0x000000076ae00000,0x0000000789f80000)
  from space 27648K, 99% used [0x000000078c900000,0x000000078e3f8f68,0x000000078e400000)
  to   space 42496K, 0% used [0x0000000789f80000,0x0000000789f80000,0x000000078c900000)
 ParOldGen       total 175104K, used 56759K [0x00000006c0a00000, 0x00000006cb500000, 0x000000076ae00000)
  object space 175104K, 32% used [0x00000006c0a00000,0x00000006c416df80,0x00000006cb500000)
 Metaspace       used 8494K, capacity 8584K, committed 8704K, reserved 1056768K
  class space    used 960K, capacity 1008K, committed 1024K, reserved 1048576K
}
Event: 3.211 GC heap before
{Heap before GC invocations=7 (full 0):
 PSYoungGen      total 537088K, used 354230K [0x000000076ae00000, 0x0000000790100000, 0x00000007c0000000)
  eden space 509440K, 64% used [0x000000076ae00000,0x000000077ecf4bf8,0x0000000789f80000)
  from space 27648K, 99% used [0x000000078c900000,0x000000078e3f8f68,0x000000078e400000)
  to   space 42496K, 0% used [0x0000000789f80000,0x0000000789f80000,0x000000078c900000)
 ParOldGen       total 175104K, used 56759K [0x00000006c0a00000, 0x00000006cb500000, 0x000000076ae00000)
  object space 175104K, 32% used [0x00000006c0a00000,0x00000006c416df80,0x00000006cb500000)
 Metaspace       used 20699K, capacity 20970K, committed 21296K, reserved 1069056K
  class space    used 2518K, capacity 2618K, committed 2688K, reserved 1048576K
Event: 3.220 GC heap after
Heap after GC invocations=7 (full 0):
 PSYoungGen      total 551936K, used 14355K [0x000000076ae00000, 0x00000007ae300000, 0x00000007c0000000)
  eden space 509440K, 0% used [0x000000076ae00000,0x000000076ae00000,0x0000000789f80000)
  from space 42496K, 33% used [0x0000000789f80000,0x000000078ad84ff8,0x000000078c900000)
  to   space 41984K, 0% used [0x00000007aba00000,0x00000007aba00000,0x00000007ae300000)
 ParOldGen       total 175104K, used 58319K [0x00000006c0a00000, 0x00000006cb500000, 0x000000076ae00000)
  object space 175104K, 33% used [0x00000006c0a00000,0x00000006c42f3d40,0x00000006cb500000)
 Metaspace       used 20699K, capacity 20970K, committed 21296K, reserved 1069056K
  class space    used 2518K, capacity 2618K, committed 2688K, reserved 1048576K
}
Event: 3.220 GC heap before
{Heap before GC invocations=8 (full 1):
 PSYoungGen      total 551936K, used 14355K [0x000000076ae00000, 0x00000007ae300000, 0x00000007c0000000)
  eden space 509440K, 0% used [0x000000076ae00000,0x000000076ae00000,0x0000000789f80000)
  from space 42496K, 33% used [0x0000000789f80000,0x000000078ad84ff8,0x000000078c900000)
  to   space 41984K, 0% used [0x00000007aba00000,0x00000007aba00000,0x00000007ae300000)
 ParOldGen       total 175104K, used 58319K [0x00000006c0a00000, 0x00000006cb500000, 0x000000076ae00000)
  object space 175104K, 33% used [0x00000006c0a00000,0x00000006c42f3d40,0x00000006cb500000)
 Metaspace       used 20699K, capacity 20970K, committed 21296K, reserved 1069056K
  class space    used 2518K, capacity 2618K, committed 2688K, reserved 1048576K
Event: 3.240 GC heap after
Heap after GC invocations=8 (full 1):
 PSYoungGen      total 551936K, used 0K [0x000000076ae00000, 0x00000007ae300000, 0x00000007c0000000)
  eden space 509440K, 0% used [0x000000076ae00000,0x000000076ae00000,0x0000000789f80000)
  from space 42496K, 0% used [0x0000000789f80000,0x0000000789f80000,0x000000078c900000)
  to   space 41984K, 0% used [0x00000007aba00000,0x00000007aba00000,0x00000007ae300000)
 ParOldGen       total 114176K, used 15090K [0x00000006c0a00000, 0x00000006c7980000, 0x000000076ae00000)
  object space 114176K, 13% used [0x00000006c0a00000,0x00000006c18bcac8,0x00000006c7980000)
 Metaspace       used 20699K, capacity 20970K, committed 21296K, reserved 1069056K
  class space    used 2518K, capacity 2618K, committed 2688K, reserved 1048576K
}

