# JRE version: Java(TM) SE Runtime Environment (8.0_241-b07) (build 1.8.0_241-b07)
# Java VM: Java HotSpot(TM) 64-Bit Server VM (25.241-b07 mixed mode windows-amd64 compressed oops)
Heap:
 PSYoungGen      total 552448K, used 189213K [0x000000076ae00000, 0x00000007ae000000, 0x00000007c0000000)
  eden space 509440K, 37% used [0x000000076ae00000,0x00000007766c7460,0x0000000789f80000)
  from space 43008K, 0% used [0x0000000789f80000,0x0000000789f80000,0x000000078c980000)
  to   space 40448K, 0% used [0x00000007ab880000,0x00000007ab880000,0x00000007ae000000)
 ParOldGen       total 121856K, used 21603K [0x00000006c0a00000, 0x00000006c8100000, 0x000000076ae00000)
  object space 121856K, 17% used [0x00000006c0a00000,0x00000006c1f18e20,0x00000006c8100000)
 Metaspace       used 32716K, capacity 33022K, committed 33280K, reserved 1079296K
  class space    used 3957K, capacity 4042K, committed 4096K, reserved 1048576K
GC Heap History (10 events):
Event: 1.309 GC heap before
{Heap before GC invocations=4 (full 0):
 PSYoungGen      total 141824K, used 141820K [0x000000076ae00000, 0x000000077c300000, 0x00000007c0000000)
  eden space 131072K, 100% used [0x000000076ae00000,0x0000000772e00000,0x0000000772e00000)
  from space 10752K, 99% used [0x0000000772e00000,0x000000077387f378,0x0000000773880000)
  to   space 10752K, 0% used [0x000000077b880000,0x000000077b880000,0x000000077c300000)
 ParOldGen       total 175104K, used 13695K [0x00000006c0a00000, 0x00000006cb500000, 0x000000076ae00000)
  object space 175104K, 7% used [0x00000006c0a00000,0x00000006c175fdd8,0x00000006cb500000)
 Metaspace       used 8489K, capacity 8584K, committed 8704K, reserved 1056768K
  class space    used 960K, capacity 1008K, committed 1024K, reserved 1048576K
Event: 1.321 GC heap after
Heap after GC invocations=4 (full 0):
 PSYoungGen      total 272896K, used 10734K [0x000000076ae00000, 0x000000077c300000, 0x00000007c0000000)
  eden space 262144K, 0% used [0x000000076ae00000,0x000000076ae00000,0x000000077ae00000)
  from space 10752K, 99% used [0x000000077b880000,0x000000077c2fb850,0x000000077c300000)
  to   space 10752K, 0% used [0x000000077ae00000,0x000000077ae00000,0x000000077b880000)
 ParOldGen       total 175104K, used 27224K [0x00000006c0a00000, 0x00000006cb500000, 0x000000076ae00000)
  object space 175104K, 15% used [0x00000006c0a00000,0x00000006c2496280,0x00000006cb500000)
 Metaspace       used 8489K, capacity 8584K, committed 8704K, reserved 1056768K
  class space    used 960K, capacity 1008K, committed 1024K, reserved 1048576K
}
Event: 1.709 GC heap before
{Heap before GC invocations=5 (full 0):
 PSYoungGen      total 272896K, used 272878K [0x000000076ae00000, 0x000000077c300000, 0x00000007c0000000)
  eden space 262144K, 100% used [0x000000076ae00000,0x000000077ae00000,0x000000077ae00000)
  from space 10752K, 99% used [0x000000077b880000,0x000000077c2fb850,0x000000077c300000)
  to   space 10752K, 0% used [0x000000077ae00000,0x000000077ae00000,0x000000077b880000)
 ParOldGen       total 175104K, used 27224K [0x00000006c0a00000, 0x00000006cb500000, 0x000000076ae00000)
  object space 175104K, 15% used [0x00000006c0a00000,0x00000006c2496280,0x00000006cb500000)
 Metaspace       used 8495K, capacity 8584K, committed 8704K, reserved 1056768K
  class space    used 960K, capacity 1008K, committed 1024K, reserved 1048576K
Event: 1.721 GC heap after
Heap after GC invocations=5 (full 0):
 PSYoungGen      total 272896K, used 10729K [0x000000076ae00000, 0x000000078e500000, 0x00000007c0000000)
  eden space 262144K, 0% used [0x000000076ae00000,0x000000076ae00000,0x000000077ae00000)
  from space 10752K, 99% used [0x000000077ae00000,0x000000077b87a7b0,0x000000077b880000)
  to   space 28160K, 0% used [0x000000078c980000,0x000000078c980000,0x000000078e500000)
 ParOldGen       total 175104K, used 37167K [0x00000006c0a00000, 0x00000006cb500000, 0x000000076ae00000)
  object space 175104K, 21% used [0x00000006c0a00000,0x00000006c2e4bd08,0x00000006cb500000)
 Metaspace       used 8495K, capacity 8584K, committed 8704K, reserved 1056768K
  class space    used 960K, capacity 1008K, committed 1024K, reserved 1048576K
}
Event: 2.180 GC heap before
{Heap before GC invocations=6 (full 0):
 PSYoungGen      total 272896K, used 272873K [0x000000076ae00000, 0x000000078e500000, 0x00000007c0000000)
  eden space 262144K, 100% used [0x000000076ae00000,0x000000077ae00000,0x000000077ae00000)
  from space 10752K, 99% used [0x000000077ae00000,0x000000077b87a7b0,0x000000077b880000)
  to   space 28160K, 0% used [0x000000078c980000,0x000000078c980000,0x000000078e500000)
 ParOldGen       total 175104K, used 37167K [0x00000006c0a00000, 0x00000006cb500000, 0x000000076ae00000)
  object space 175104K, 21% used [0x00000006c0a00000,0x00000006c2e4bd08,0x00000006cb500000)
 Metaspace       used 8500K, capacity 8584K, committed 8704K, reserved 1056768K
  class space    used 960K, capacity 1008K, committed 1024K, reserved 1048576K
Event: 2.211 GC heap after
Heap after GC invocations=6 (full 0):
 PSYoungGen      total 537600K, used 28149K [0x000000076ae00000, 0x0000000790200000, 0x00000007c0000000)
  eden space 509440K, 0% used [0x000000076ae00000,0x000000076ae00000,0x0000000789f80000)
  from space 28160K, 99% used [0x000000078c980000,0x000000078e4fd408,0x000000078e500000)
  to   space 43008K, 0% used [0x0000000789f80000,0x0000000789f80000,0x000000078c980000)
 ParOldGen       total 175104K, used 56016K [0x00000006c0a00000, 0x00000006cb500000, 0x000000076ae00000)
  object space 175104K, 31% used [0x00000006c0a00000,0x00000006c40b42c0,0x00000006cb500000)
 Metaspace       used 8500K, capacity 8584K, committed 8704K, reserved 1056768K
  class space    used 960K, capacity 1008K, committed 1024K, reserved 1048576K
}
Event: 4.382 GC heap before
{Heap before GC invocations=7 (full 0):
 PSYoungGen      total 537600K, used 354576K [0x000000076ae00000, 0x0000000790200000, 0x00000007c0000000)
  eden space 509440K, 64% used [0x000000076ae00000,0x000000077ecc6f48,0x0000000789f80000)
  from space 28160K, 99% used [0x000000078c980000,0x000000078e4fd408,0x000000078e500000)
  to   space 43008K, 0% used [0x0000000789f80000,0x0000000789f80000,0x000000078c980000)
 ParOldGen       total 175104K, used 56016K [0x00000006c0a00000, 0x00000006cb500000, 0x000000076ae00000)
  object space 175104K, 31% used [0x00000006c0a00000,0x00000006c40b42c0,0x00000006cb500000)
 Metaspace       used 20848K, capacity 21042K, committed 21296K, reserved 1069056K
  class space    used 2326K, capacity 2388K, committed 2432K, reserved 1048576K
Event: 4.399 GC heap after
Heap after GC invocations=7 (full 0):
 PSYoungGen      total 552448K, used 20812K [0x000000076ae00000, 0x00000007ae000000, 0x00000007c0000000)
  eden space 509440K, 0% used [0x000000076ae00000,0x000000076ae00000,0x0000000789f80000)
  from space 43008K, 48% used [0x0000000789f80000,0x000000078b3d3330,0x000000078c980000)
  to   space 40448K, 0% used [0x00000007ab880000,0x00000007ab880000,0x00000007ae000000)
 ParOldGen       total 175104K, used 57564K [0x00000006c0a00000, 0x00000006cb500000, 0x000000076ae00000)
  object space 175104K, 32% used [0x00000006c0a00000,0x00000006c4237070,0x00000006cb500000)
 Metaspace       used 20848K, capacity 21042K, committed 21296K, reserved 1069056K
  class space    used 2326K, capacity 2388K, committed 2432K, reserved 1048576K
}
Event: 4.399 GC heap before
{Heap before GC invocations=8 (full 1):
 PSYoungGen      total 552448K, used 20812K [0x000000076ae00000, 0x00000007ae000000, 0x00000007c0000000)
  eden space 509440K, 0% used [0x000000076ae00000,0x000000076ae00000,0x0000000789f80000)
  from space 43008K, 48% used [0x0000000789f80000,0x000000078b3d3330,0x000000078c980000)
  to   space 40448K, 0% used [0x00000007ab880000,0x00000007ab880000,0x00000007ae000000)
 ParOldGen       total 175104K, used 57564K [0x00000006c0a00000, 0x00000006cb500000, 0x000000076ae00000)
  object space 175104K, 32% used [0x00000006c0a00000,0x00000006c4237070,0x00000006cb500000)
 Metaspace       used 20848K, capacity 21042K, committed 21296K, reserved 1069056K
  class space    used 2326K, capacity 2388K, committed 2432K, reserved 1048576K
Event: 4.432 GC heap after
Heap after GC invocations=8 (full 1):
 PSYoungGen      total 552448K, used 0K [0x000000076ae00000, 0x00000007ae000000, 0x00000007c0000000)
  eden space 509440K, 0% used [0x000000076ae00000,0x000000076ae00000,0x0000000789f80000)
  from space 43008K, 0% used [0x0000000789f80000,0x0000000789f80000,0x000000078c980000)
  to   space 40448K, 0% used [0x00000007ab880000,0x00000007ab880000,0x00000007ae000000)
 ParOldGen       total 121856K, used 21603K [0x00000006c0a00000, 0x00000006c8100000, 0x000000076ae00000)
  object space 121856K, 17% used [0x00000006c0a00000,0x00000006c1f18e20,0x00000006c8100000)
 Metaspace       used 20848K, capacity 21042K, committed 21296K, reserved 1069056K
  class space    used 2326K, capacity 2388K, committed 2432K, reserved 1048576K
}

