# JRE version: Java(TM) SE Runtime Environment (8.0_241-b07) (build 1.8.0_241-b07)
# Java VM: Java HotSpot(TM) 64-Bit Server VM (25.241-b07 mixed mode windows-amd64 compressed oops)
Heap:
 PSYoungGen      total 552448K, used 173732K [0x000000076ae00000, 0x00000007ae400000, 0x00000007c0000000)
  eden space 509952K, 34% used [0x000000076ae00000,0x00000007757a9180,0x000000078a000000)
  from space 42496K, 0% used [0x000000078a000000,0x000000078a000000,0x000000078c980000)
  to   space 41984K, 0% used [0x00000007abb00000,0x00000007abb00000,0x00000007ae400000)
 ParOldGen       total 113152K, used 15168K [0x00000006c0a00000, 0x00000006c7880000, 0x000000076ae00000)
  object space 113152K, 13% used [0x00000006c0a00000,0x00000006c18d01d0,0x00000006c7880000)
 Metaspace       used 31829K, capacity 32110K, committed 32512K, reserved 1077248K
  class space    used 3970K, capacity 4042K, committed 4096K, reserved 1048576K
GC Heap History (10 events):
Event: 1.200 GC heap before
{Heap before GC invocations=4 (full 0):
 PSYoungGen      total 141824K, used 141808K [0x000000076ae00000, 0x000000077c300000, 0x00000007c0000000)
  eden space 131072K, 100% used [0x000000076ae00000,0x0000000772e00000,0x0000000772e00000)
  from space 10752K, 99% used [0x0000000772e00000,0x000000077387c318,0x0000000773880000)
  to   space 10752K, 0% used [0x000000077b880000,0x000000077b880000,0x000000077c300000)
 ParOldGen       total 175104K, used 13929K [0x00000006c0a00000, 0x00000006cb500000, 0x000000076ae00000)
  object space 175104K, 7% used [0x00000006c0a00000,0x00000006c179a450,0x00000006cb500000)
 Metaspace       used 8475K, capacity 8580K, committed 8704K, reserved 1056768K
  class space    used 960K, capacity 1008K, committed 1024K, reserved 1048576K
Event: 1.212 GC heap after
Heap after GC invocations=4 (full 0):
 PSYoungGen      total 272896K, used 10733K [0x000000076ae00000, 0x000000077c300000, 0x00000007c0000000)
  eden space 262144K, 0% used [0x000000076ae00000,0x000000076ae00000,0x000000077ae00000)
  from space 10752K, 99% used [0x000000077b880000,0x000000077c2fb6e8,0x000000077c300000)
  to   space 10752K, 0% used [0x000000077ae00000,0x000000077ae00000,0x000000077b880000)
 ParOldGen       total 175104K, used 27362K [0x00000006c0a00000, 0x00000006cb500000, 0x000000076ae00000)
  object space 175104K, 15% used [0x00000006c0a00000,0x00000006c24b8860,0x00000006cb500000)
 Metaspace       used 8475K, capacity 8580K, committed 8704K, reserved 1056768K
  class space    used 960K, capacity 1008K, committed 1024K, reserved 1048576K
}
Event: 1.573 GC heap before
{Heap before GC invocations=5 (full 0):
 PSYoungGen      total 272896K, used 272877K [0x000000076ae00000, 0x000000077c300000, 0x00000007c0000000)
  eden space 262144K, 100% used [0x000000076ae00000,0x000000077ae00000,0x000000077ae00000)
  from space 10752K, 99% used [0x000000077b880000,0x000000077c2fb6e8,0x000000077c300000)
  to   space 10752K, 0% used [0x000000077ae00000,0x000000077ae00000,0x000000077b880000)
 ParOldGen       total 175104K, used 27362K [0x00000006c0a00000, 0x00000006cb500000, 0x000000076ae00000)
  object space 175104K, 15% used [0x00000006c0a00000,0x00000006c24b8860,0x00000006cb500000)
 Metaspace       used 8481K, capacity 8580K, committed 8704K, reserved 1056768K
  class space    used 960K, capacity 1008K, committed 1024K, reserved 1048576K
Event: 1.586 GC heap after
Heap after GC invocations=5 (full 0):
 PSYoungGen      total 272896K, used 10729K [0x000000076ae00000, 0x000000078e500000, 0x00000007c0000000)
  eden space 262144K, 0% used [0x000000076ae00000,0x000000076ae00000,0x000000077ae00000)
  from space 10752K, 99% used [0x000000077ae00000,0x000000077b87a7b0,0x000000077b880000)
  to   space 28160K, 0% used [0x000000078c980000,0x000000078c980000,0x000000078e500000)
 ParOldGen       total 175104K, used 37298K [0x00000006c0a00000, 0x00000006cb500000, 0x000000076ae00000)
  object space 175104K, 21% used [0x00000006c0a00000,0x00000006c2e6cbe8,0x00000006cb500000)
 Metaspace       used 8481K, capacity 8580K, committed 8704K, reserved 1056768K
  class space    used 960K, capacity 1008K, committed 1024K, reserved 1048576K
}
Event: 1.991 GC heap before
{Heap before GC invocations=6 (full 0):
 PSYoungGen      total 272896K, used 272873K [0x000000076ae00000, 0x000000078e500000, 0x00000007c0000000)
  eden space 262144K, 100% used [0x000000076ae00000,0x000000077ae00000,0x000000077ae00000)
  from space 10752K, 99% used [0x000000077ae00000,0x000000077b87a7b0,0x000000077b880000)
  to   space 28160K, 0% used [0x000000078c980000,0x000000078c980000,0x000000078e500000)
 ParOldGen       total 175104K, used 37298K [0x00000006c0a00000, 0x00000006cb500000, 0x000000076ae00000)
  object space 175104K, 21% used [0x00000006c0a00000,0x00000006c2e6cbe8,0x00000006cb500000)
 Metaspace       used 8486K, capacity 8580K, committed 8704K, reserved 1056768K
  class space    used 960K, capacity 1008K, committed 1024K, reserved 1048576K
Event: 2.015 GC heap after
Heap after GC invocations=6 (full 0):
 PSYoungGen      total 538112K, used 28129K [0x000000076ae00000, 0x0000000790100000, 0x00000007c0000000)
  eden space 509952K, 0% used [0x000000076ae00000,0x000000076ae00000,0x000000078a000000)
  from space 28160K, 99% used [0x000000078c980000,0x000000078e4f86e0,0x000000078e500000)
  to   space 42496K, 0% used [0x000000078a000000,0x000000078a000000,0x000000078c980000)
 ParOldGen       total 175104K, used 56243K [0x00000006c0a00000, 0x00000006cb500000, 0x000000076ae00000)
  object space 175104K, 32% used [0x00000006c0a00000,0x00000006c40ecfb8,0x00000006cb500000)
 Metaspace       used 8486K, capacity 8580K, committed 8704K, reserved 1056768K
  class space    used 960K, capacity 1008K, committed 1024K, reserved 1048576K
}
Event: 3.442 GC heap before
{Heap before GC invocations=7 (full 0):
 PSYoungGen      total 538112K, used 293807K [0x000000076ae00000, 0x0000000790100000, 0x00000007c0000000)
  eden space 509952K, 52% used [0x000000076ae00000,0x000000077b1736b8,0x000000078a000000)
  from space 28160K, 99% used [0x000000078c980000,0x000000078e4f86e0,0x000000078e500000)
  to   space 42496K, 0% used [0x000000078a000000,0x000000078a000000,0x000000078c980000)
 ParOldGen       total 175104K, used 56243K [0x00000006c0a00000, 0x00000006cb500000, 0x000000076ae00000)
  object space 175104K, 32% used [0x00000006c0a00000,0x00000006c40ecfb8,0x00000006cb500000)
 Metaspace       used 20833K, capacity 21038K, committed 21248K, reserved 1069056K
  class space    used 2454K, capacity 2518K, committed 2560K, reserved 1048576K
Event: 3.452 GC heap after
Heap after GC invocations=7 (full 0):
 PSYoungGen      total 552448K, used 14375K [0x000000076ae00000, 0x00000007ae400000, 0x00000007c0000000)
  eden space 509952K, 0% used [0x000000076ae00000,0x000000076ae00000,0x000000078a000000)
  from space 42496K, 33% used [0x000000078a000000,0x000000078ae09d70,0x000000078c980000)
  to   space 41984K, 0% used [0x00000007abb00000,0x00000007abb00000,0x00000007ae400000)
 ParOldGen       total 175104K, used 57811K [0x00000006c0a00000, 0x00000006cb500000, 0x000000076ae00000)
  object space 175104K, 33% used [0x00000006c0a00000,0x00000006c4274d78,0x00000006cb500000)
 Metaspace       used 20833K, capacity 21038K, committed 21248K, reserved 1069056K
  class space    used 2454K, capacity 2518K, committed 2560K, reserved 1048576K
}
Event: 3.452 GC heap before
{Heap before GC invocations=8 (full 1):
 PSYoungGen      total 552448K, used 14375K [0x000000076ae00000, 0x00000007ae400000, 0x00000007c0000000)
  eden space 509952K, 0% used [0x000000076ae00000,0x000000076ae00000,0x000000078a000000)
  from space 42496K, 33% used [0x000000078a000000,0x000000078ae09d70,0x000000078c980000)
  to   space 41984K, 0% used [0x00000007abb00000,0x00000007abb00000,0x00000007ae400000)
 ParOldGen       total 175104K, used 57811K [0x00000006c0a00000, 0x00000006cb500000, 0x000000076ae00000)
  object space 175104K, 33% used [0x00000006c0a00000,0x00000006c4274d78,0x00000006cb500000)
 Metaspace       used 20833K, capacity 21038K, committed 21248K, reserved 1069056K
  class space    used 2454K, capacity 2518K, committed 2560K, reserved 1048576K
Event: 3.472 GC heap after
Heap after GC invocations=8 (full 1):
 PSYoungGen      total 552448K, used 0K [0x000000076ae00000, 0x00000007ae400000, 0x00000007c0000000)
  eden space 509952K, 0% used [0x000000076ae00000,0x000000076ae00000,0x000000078a000000)
  from space 42496K, 0% used [0x000000078a000000,0x000000078a000000,0x000000078c980000)
  to   space 41984K, 0% used [0x00000007abb00000,0x00000007abb00000,0x00000007ae400000)
 ParOldGen       total 113152K, used 15168K [0x00000006c0a00000, 0x00000006c7880000, 0x000000076ae00000)
  object space 113152K, 13% used [0x00000006c0a00000,0x00000006c18d01d0,0x00000006c7880000)
 Metaspace       used 20833K, capacity 21038K, committed 21248K, reserved 1069056K
  class space    used 2454K, capacity 2518K, committed 2560K, reserved 1048576K
}

