# JRE version: Java(TM) SE Runtime Environment (8.0_251-b08) (build 1.8.0_251-b08)
# Java VM: Java HotSpot(TM) 64-Bit Server VM (25.251-b08 mixed mode windows-amd64 compressed oops)
Heap:
 PSYoungGen      total 561152K, used 173501K [0x000000076af00000, 0x00000007af300000, 0x00000007c0000000)
  eden space 518144K, 33% used [0x000000076af00000,0x000000077586f568,0x000000078a900000)
  from space 43008K, 0% used [0x000000078a900000,0x000000078a900000,0x000000078d300000)
  to   space 40960K, 0% used [0x00000007acb00000,0x00000007acb00000,0x00000007af300000)
 ParOldGen       total 117248K, used 20657K [0x00000006c0c00000, 0x00000006c7e80000, 0x000000076af00000)
  object space 117248K, 17% used [0x00000006c0c00000,0x00000006c202c508,0x00000006c7e80000)
 Metaspace       used 31159K, capacity 31470K, committed 31872K, reserved 1077248K
  class space    used 3853K, capacity 3946K, committed 3968K, reserved 1048576K
GC Heap History (10 events):
Event: 1.395 GC heap before
{Heap before GC invocations=4 (full 0):
 PSYoungGen      total 141824K, used 141823K [0x000000076af00000, 0x000000077c400000, 0x00000007c0000000)
  eden space 131072K, 100% used [0x000000076af00000,0x0000000772f00000,0x0000000772f00000)
  from space 10752K, 99% used [0x0000000772f00000,0x000000077397fe70,0x0000000773980000)
  to   space 10752K, 0% used [0x000000077b980000,0x000000077b980000,0x000000077c400000)
 ParOldGen       total 175104K, used 15552K [0x00000006c0c00000, 0x00000006cb700000, 0x000000076af00000)
  object space 175104K, 8% used [0x00000006c0c00000,0x00000006c1b300b0,0x00000006cb700000)
 Metaspace       used 8279K, capacity 8436K, committed 8576K, reserved 1056768K
  class space    used 965K, capacity 1040K, committed 1152K, reserved 1048576K
Event: 1.411 GC heap after
Heap after GC invocations=4 (full 0):
 PSYoungGen      total 272896K, used 10745K [0x000000076af00000, 0x000000077c400000, 0x00000007c0000000)
  eden space 262144K, 0% used [0x000000076af00000,0x000000076af00000,0x000000077af00000)
  from space 10752K, 99% used [0x000000077b980000,0x000000077c3fe680,0x000000077c400000)
  to   space 10752K, 0% used [0x000000077af00000,0x000000077af00000,0x000000077b980000)
 ParOldGen       total 175104K, used 26969K [0x00000006c0c00000, 0x00000006cb700000, 0x000000076af00000)
  object space 175104K, 15% used [0x00000006c0c00000,0x00000006c2656798,0x00000006cb700000)
 Metaspace       used 8279K, capacity 8436K, committed 8576K, reserved 1056768K
  class space    used 965K, capacity 1040K, committed 1152K, reserved 1048576K
}
Event: 2.001 GC heap before
{Heap before GC invocations=5 (full 0):
 PSYoungGen      total 272896K, used 272889K [0x000000076af00000, 0x000000077c400000, 0x00000007c0000000)
  eden space 262144K, 100% used [0x000000076af00000,0x000000077af00000,0x000000077af00000)
  from space 10752K, 99% used [0x000000077b980000,0x000000077c3fe680,0x000000077c400000)
  to   space 10752K, 0% used [0x000000077af00000,0x000000077af00000,0x000000077b980000)
 ParOldGen       total 175104K, used 26969K [0x00000006c0c00000, 0x00000006cb700000, 0x000000076af00000)
  object space 175104K, 15% used [0x00000006c0c00000,0x00000006c2656798,0x00000006cb700000)
 Metaspace       used 8317K, capacity 8436K, committed 8576K, reserved 1056768K
  class space    used 965K, capacity 1040K, committed 1152K, reserved 1048576K
Event: 2.026 GC heap after
Heap after GC invocations=5 (full 0):
 PSYoungGen      total 272896K, used 10722K [0x000000076af00000, 0x000000078f700000, 0x00000007c0000000)
  eden space 262144K, 0% used [0x000000076af00000,0x000000076af00000,0x000000077af00000)
  from space 10752K, 99% used [0x000000077af00000,0x000000077b978a50,0x000000077b980000)
  to   space 36864K, 0% used [0x000000078d300000,0x000000078d300000,0x000000078f700000)
 ParOldGen       total 175104K, used 48278K [0x00000006c0c00000, 0x00000006cb700000, 0x000000076af00000)
  object space 175104K, 27% used [0x00000006c0c00000,0x00000006c3b25a30,0x00000006cb700000)
 Metaspace       used 8317K, capacity 8436K, committed 8576K, reserved 1056768K
  class space    used 965K, capacity 1040K, committed 1152K, reserved 1048576K
}
Event: 2.510 GC heap before
{Heap before GC invocations=6 (full 0):
 PSYoungGen      total 272896K, used 272866K [0x000000076af00000, 0x000000078f700000, 0x00000007c0000000)
  eden space 262144K, 100% used [0x000000076af00000,0x000000077af00000,0x000000077af00000)
  from space 10752K, 99% used [0x000000077af00000,0x000000077b978a50,0x000000077b980000)
  to   space 36864K, 0% used [0x000000078d300000,0x000000078d300000,0x000000078f700000)
 ParOldGen       total 175104K, used 48278K [0x00000006c0c00000, 0x00000006cb700000, 0x000000076af00000)
  object space 175104K, 27% used [0x00000006c0c00000,0x00000006c3b25a30,0x00000006cb700000)
 Metaspace       used 8369K, capacity 8500K, committed 8832K, reserved 1056768K
  class space    used 965K, capacity 1040K, committed 1152K, reserved 1048576K
Event: 2.538 GC heap after
Heap after GC invocations=6 (full 0):
 PSYoungGen      total 555008K, used 36147K [0x000000076af00000, 0x0000000790300000, 0x00000007c0000000)
  eden space 518144K, 0% used [0x000000076af00000,0x000000076af00000,0x000000078a900000)
  from space 36864K, 98% used [0x000000078d300000,0x000000078f64cdb8,0x000000078f700000)
  to   space 43008K, 0% used [0x000000078a900000,0x000000078a900000,0x000000078d300000)
 ParOldGen       total 175104K, used 48286K [0x00000006c0c00000, 0x00000006cb700000, 0x000000076af00000)
  object space 175104K, 27% used [0x00000006c0c00000,0x00000006c3b27a30,0x00000006cb700000)
 Metaspace       used 8369K, capacity 8500K, committed 8832K, reserved 1056768K
  class space    used 965K, capacity 1040K, committed 1152K, reserved 1048576K
}
Event: 6.957 GC heap before
{Heap before GC invocations=7 (full 0):
 PSYoungGen      total 555008K, used 363218K [0x000000076af00000, 0x0000000790300000, 0x00000007c0000000)
  eden space 518144K, 63% used [0x000000076af00000,0x000000077ee67d20,0x000000078a900000)
  from space 36864K, 98% used [0x000000078d300000,0x000000078f64cdb8,0x000000078f700000)
  to   space 43008K, 0% used [0x000000078a900000,0x000000078a900000,0x000000078d300000)
 ParOldGen       total 175104K, used 48286K [0x00000006c0c00000, 0x00000006cb700000, 0x000000076af00000)
  object space 175104K, 27% used [0x00000006c0c00000,0x00000006c3b27a30,0x00000006cb700000)
 Metaspace       used 20754K, capacity 21000K, committed 21296K, reserved 1069056K
  class space    used 2544K, capacity 2640K, committed 2688K, reserved 1048576K
Event: 6.975 GC heap after
Heap after GC invocations=7 (full 0):
 PSYoungGen      total 561152K, used 20531K [0x000000076af00000, 0x00000007af300000, 0x00000007c0000000)
  eden space 518144K, 0% used [0x000000076af00000,0x000000076af00000,0x000000078a900000)
  from space 43008K, 47% used [0x000000078a900000,0x000000078bd0cc40,0x000000078d300000)
  to   space 40960K, 0% used [0x00000007acb00000,0x00000007acb00000,0x00000007af300000)
 ParOldGen       total 175104K, used 49467K [0x00000006c0c00000, 0x00000006cb700000, 0x000000076af00000)
  object space 175104K, 28% used [0x00000006c0c00000,0x00000006c3c4eee8,0x00000006cb700000)
 Metaspace       used 20754K, capacity 21000K, committed 21296K, reserved 1069056K
  class space    used 2544K, capacity 2640K, committed 2688K, reserved 1048576K
}
Event: 6.975 GC heap before
{Heap before GC invocations=8 (full 1):
 PSYoungGen      total 561152K, used 20531K [0x000000076af00000, 0x00000007af300000, 0x00000007c0000000)
  eden space 518144K, 0% used [0x000000076af00000,0x000000076af00000,0x000000078a900000)
  from space 43008K, 47% used [0x000000078a900000,0x000000078bd0cc40,0x000000078d300000)
  to   space 40960K, 0% used [0x00000007acb00000,0x00000007acb00000,0x00000007af300000)
 ParOldGen       total 175104K, used 49467K [0x00000006c0c00000, 0x00000006cb700000, 0x000000076af00000)
  object space 175104K, 28% used [0x00000006c0c00000,0x00000006c3c4eee8,0x00000006cb700000)
 Metaspace       used 20754K, capacity 21000K, committed 21296K, reserved 1069056K
  class space    used 2544K, capacity 2640K, committed 2688K, reserved 1048576K
Event: 7.001 GC heap after
Heap after GC invocations=8 (full 1):
 PSYoungGen      total 561152K, used 0K [0x000000076af00000, 0x00000007af300000, 0x00000007c0000000)
  eden space 518144K, 0% used [0x000000076af00000,0x000000076af00000,0x000000078a900000)
  from space 43008K, 0% used [0x000000078a900000,0x000000078a900000,0x000000078d300000)
  to   space 40960K, 0% used [0x00000007acb00000,0x00000007acb00000,0x00000007af300000)
 ParOldGen       total 117248K, used 20657K [0x00000006c0c00000, 0x00000006c7e80000, 0x000000076af00000)
  object space 117248K, 17% used [0x00000006c0c00000,0x00000006c202c508,0x00000006c7e80000)
 Metaspace       used 20754K, capacity 21000K, committed 21296K, reserved 1069056K
  class space    used 2544K, capacity 2640K, committed 2688K, reserved 1048576K
}

